#
# A fatal error has been detected by the Java Runtime Environment:
#
#  EXCEPTION_ACCESS_VIOLATION (0xc0000005) at pc=0x642fb252, pid=2884, tid=2572
#
# JRE version: Java(TM) SE Runtime Environment (8.0_45-b15) (build 1.8.0_45-b15)
# Java VM: Java HotSpot(TM) Client VM (25.45-b02 mixed mode windows-x86 )
# Problematic frame:
# C  [nvd3dum.dll+0x29b252]
#
# Failed to write core dump. Minidumps are not enabled by default on client versions of Windows
#
# If you would like to submit a bug report, please visit:
#   http://bugreport.java.com/bugreport/crash.jsp
# The crash happened outside the Java Virtual Machine in native code.
# See problematic frame for where to report the bug.
#

---------------  T H R E A D  ---------------

Current thread (0x143fa400):  JavaThread "AWT-Windows" daemon [_thread_in_native, id=2572, stack(0x14890000,0x148e0000)]

siginfo: ExceptionCode=0xc0000005, writing address 0x01108004

Registers:
EAX=0x01108000, EBX=0x152a9380, ECX=0x00000000, EDX=0x00000178
ESP=0x148df1d8, EBP=0x148df1e4, ESI=0x152a9390, EDI=0x00001001
EIP=0x642fb252, EFLAGS=0x00010202

Top of Stack: (sp=0x148df1d8)
0x148df1d8:   15200800 00000002 15202f24 148df204
0x148df1e8:   642b11d8 152a9380 15200800 00000000
0x148df1f8:   17130560 00000000 00000000 148df230
0x148df208:   642e93c1 152717c0 152a9700 00000000
0x148df218:   00000000 00000000 17130560 17070040
0x148df228:   00000000 00000000 148df258 6a207c49
0x148df238:   15200800 17130560 00000040 00000000
0x148df248:   17070040 0000001f 00000000 0000029c 

Instructions: (pc=0x642fb252)
0x642fb232:   60 85 01 00 8d 04 b0 8b b3 f0 00 00 00 8b 46 1c
0x642fb242:   57 8b 7e 28 8d 0c 7f 8d 04 c8 33 c9 47 89 7e 28
0x642fb252:   89 48 04 89 48 08 89 48 0c 89 48 10 89 48 14 89
0x642fb262:   08 8b 48 04 33 ca 81 e1 ff ff ff 00 31 48 04 8b 


Register to memory mapping:

EAX=0x01108000 is an unknown value
EBX=0x152a9380 is an unknown value
ECX=0x00000000 is an unknown value
EDX=0x00000178 is an unknown value
ESP=0x148df1d8 is pointing into the stack for thread: 0x143fa400
EBP=0x148df1e4 is pointing into the stack for thread: 0x143fa400
ESI=0x152a9390 is an unknown value
EDI=0x00001001 is an unknown value


Stack: [0x14890000,0x148e0000],  sp=0x148df1d8,  free space=316k
Native frames: (J=compiled Java code, j=interpreted, Vv=VM code, C=native code)
C  [nvd3dum.dll+0x29b252]
C  [nvd3dum.dll+0x2511d8]
C  [nvd3dum.dll+0x2893c1]
C  [d3d9.dll+0x117c49]
C  [d3d9.dll+0x11952a]
C  [d3d9.dll+0xb0f74]
C  [d3d9.dll+0x6aee7]
C  [d3d9.dll+0x362e2]
C  [d3d9.dll+0x36ad4]
C  [awt.dll+0x14b8f]

Java frames: (J=compiled Java code, j=interpreted, Vv=VM code)
j  sun.awt.windows.WToolkit.eventLoop()V+0
j  sun.awt.windows.WToolkit.run()V+58
j  java.lang.Thread.run()V+11
v  ~StubRoutines::call_stub

---------------  P R O C E S S  ---------------

Java Threads: ( => current thread )
  0x14f2c800 JavaThread "D3D Screen Updater" daemon [_thread_blocked, id=1064, stack(0x17a50000,0x17aa0000)]
  0x14d78c00 JavaThread "TimerQueue" daemon [_thread_blocked, id=1100, stack(0x174a0000,0x174f0000)]
  0x0186bc00 JavaThread "DestroyJavaVM" [_thread_blocked, id=3736, stack(0x019f0000,0x01a40000)]
  0x14d04400 JavaThread "AWT-EventQueue-0" [_thread_blocked, id=1232, stack(0x14b60000,0x14bb0000)]
=>0x143fa400 JavaThread "AWT-Windows" daemon [_thread_in_native, id=2572, stack(0x14890000,0x148e0000)]
  0x143f9800 JavaThread "AWT-Shutdown" [_thread_blocked, id=2520, stack(0x149e0000,0x14a30000)]
  0x143f7000 JavaThread "Java2D Disposer" daemon [_thread_in_native, id=4084, stack(0x14720000,0x14770000)]
  0x142b1800 JavaThread "Service Thread" daemon [_thread_blocked, id=3004, stack(0x14770000,0x147c0000)]
  0x142afc00 JavaThread "C1 CompilerThread0" daemon [_thread_blocked, id=3864, stack(0x144a0000,0x144f0000)]
  0x142ad800 JavaThread "Attach Listener" daemon [_thread_blocked, id=3804, stack(0x146c0000,0x14710000)]
  0x142aac00 JavaThread "Signal Dispatcher" daemon [_thread_blocked, id=1724, stack(0x14520000,0x14570000)]
  0x14275800 JavaThread "Finalizer" daemon [_thread_blocked, id=3360, stack(0x14610000,0x14660000)]
  0x1426f800 JavaThread "Reference Handler" daemon [_thread_blocked, id=2948, stack(0x145c0000,0x14610000)]

Other Threads:
  0x1426d400 VMThread [stack: 0x03d90000,0x03de0000] [id=1504]
  0x142b8800 WatcherThread [stack: 0x14910000,0x14960000] [id=1344]

VM state:not at safepoint (normal execution)

VM Mutex/Monitor currently owned by a thread: None

Heap:
 def new generation   total 4928K, used 222K [0x03e00000, 0x04350000, 0x09350000)
  eden space 4416K,   3% used [0x03e00000, 0x03e2bf70, 0x04250000)
  from space 512K,   9% used [0x042d0000, 0x042db990, 0x04350000)
  to   space 512K,   0% used [0x04250000, 0x04250000, 0x042d0000)
 tenured generation   total 10944K, used 4171K [0x09350000, 0x09e00000, 0x13e00000)
   the space 10944K,  38% used [0x09350000, 0x09762c88, 0x09762e00, 0x09e00000)
 Metaspace       used 8243K, capacity 8435K, committed 8576K, reserved 8576K

Card table byte_map: [0x018f0000,0x01980000] byte_map_base: 0x018d1000

Polling page: 0x00260000

CodeCache: size=32768Kb used=1311Kb max_used=1311Kb free=31456Kb
 bounds [0x01d10000, 0x01e58000, 0x03d10000]
 total_blobs=766 nmethods=527 adapters=171
 compilation: enabled

Compilation events (10 events):
Event: 2.848 Thread 0x142afc00  524             java.awt.geom.AffineTransform::scale (285 bytes)
Event: 2.848 Thread 0x142afc00 nmethod 524 0x01e564c8 code [0x01e56630, 0x01e5691c]
Event: 2.848 Thread 0x142afc00  525             java.awt.RenderingHints::put (55 bytes)
Event: 2.849 Thread 0x142afc00 nmethod 525 0x01e56a08 code [0x01e56b90, 0x01e56f1c]
Event: 2.860 Thread 0x142afc00  526             sun.java2d.SunGraphics2D::translate (68 bytes)
Event: 2.861 Thread 0x142afc00 nmethod 526 0x01e57248 code [0x01e57350, 0x01e57458]
Event: 2.861 Thread 0x142afc00  527             sun.java2d.pipe.RenderBuffer::getAddress (5 bytes)
Event: 2.861 Thread 0x142afc00 nmethod 527 0x01e57508 code [0x01e57600, 0x01e57680]
Event: 2.868 Thread 0x142afc00  529             sun.font.FontDesignMetrics::getLatinCharWidth (29 bytes)
Event: 2.868 Thread 0x142afc00 nmethod 529 0x01e57988 code [0x01e57ab0, 0x01e57bbc]

GC Heap History (6 events):
Event: 0.637 GC heap before
{Heap before GC invocations=0 (full 0):
 def new generation   total 4928K, used 4416K [0x03e00000, 0x04350000, 0x09350000)
  eden space 4416K, 100% used [0x03e00000, 0x04250000, 0x04250000)
  from space 512K,   0% used [0x04250000, 0x04250000, 0x042d0000)
  to   space 512K,   0% used [0x042d0000, 0x042d0000, 0x04350000)
 tenured generation   total 10944K, used 0K [0x09350000, 0x09e00000, 0x13e00000)
   the space 10944K,   0% used [0x09350000, 0x09350000, 0x09350200, 0x09e00000)
 Metaspace       used 7170K, capacity 7371K, committed 7424K, reserved 7552K
Event: 0.645 GC heap after
Heap after GC invocations=1 (full 0):
 def new generation   total 4928K, used 512K [0x03e00000, 0x04350000, 0x09350000)
  eden space 4416K,   0% used [0x03e00000, 0x03e00000, 0x04250000)
  from space 512K, 100% used [0x042d0000, 0x04350000, 0x04350000)
  to   space 512K,   0% used [0x04250000, 0x04250000, 0x042d0000)
 tenured generation   total 10944K, used 1185K [0x09350000, 0x09e00000, 0x13e00000)
   the space 10944K,  10% used [0x09350000, 0x09478648, 0x09478800, 0x09e00000)
 Metaspace       used 7170K, capacity 7371K, committed 7424K, reserved 7552K
}
Event: 2.290 GC heap before
{Heap before GC invocations=1 (full 0):
 def new generation   total 4928K, used 4928K [0x03e00000, 0x04350000, 0x09350000)
  eden space 4416K, 100% used [0x03e00000, 0x04250000, 0x04250000)
  from space 512K, 100% used [0x042d0000, 0x04350000, 0x04350000)
  to   space 512K,   0% used [0x04250000, 0x04250000, 0x042d0000)
 tenured generation   total 10944K, used 1185K [0x09350000, 0x09e00000, 0x13e00000)
   the space 10944K,  10% used [0x09350000, 0x09478648, 0x09478800, 0x09e00000)
 Metaspace       used 8229K, capacity 8435K, committed 8576K, reserved 8576K
Event: 2.299 GC heap after
Heap after GC invocations=2 (full 0):
 def new generation   total 4928K, used 511K [0x03e00000, 0x04350000, 0x09350000)
  eden space 4416K,   0% used [0x03e00000, 0x03e00000, 0x04250000)
  from space 512K,  99% used [0x04250000, 0x042cfde0, 0x042d0000)
  to   space 512K,   0% used [0x042d0000, 0x042d0000, 0x04350000)
 tenured generation   total 10944K, used 3686K [0x09350000, 0x09e00000, 0x13e00000)
   the space 10944K,  33% used [0x09350000, 0x096e99e8, 0x096e9a00, 0x09e00000)
 Metaspace       used 8229K, capacity 8435K, committed 8576K, reserved 8576K
}
Event: 2.857 GC heap before
{Heap before GC invocations=2 (full 0):
 def new generation   total 4928K, used 4927K [0x03e00000, 0x04350000, 0x09350000)
  eden space 4416K, 100% used [0x03e00000, 0x04250000, 0x04250000)
  from space 512K,  99% used [0x04250000, 0x042cfde0, 0x042d0000)
  to   space 512K,   0% used [0x042d0000, 0x042d0000, 0x04350000)
 tenured generation   total 10944K, used 3686K [0x09350000, 0x09e00000, 0x13e00000)
   the space 10944K,  33% used [0x09350000, 0x096e99e8, 0x096e9a00, 0x09e00000)
 Metaspace       used 8243K, capacity 8435K, committed 8576K, reserved 8576K
Event: 2.859 GC heap after
Heap after GC invocations=3 (full 0):
 def new generation   total 4928K, used 46K [0x03e00000, 0x04350000, 0x09350000)
  eden space 4416K,   0% used [0x03e00000, 0x03e00000, 0x04250000)
  from space 512K,   9% used [0x042d0000, 0x042db990, 0x04350000)
  to   space 512K,   0% used [0x04250000, 0x04250000, 0x042d0000)
 tenured generation   total 10944K, used 4171K [0x09350000, 0x09e00000, 0x13e00000)
   the space 10944K,  38% used [0x09350000, 0x09762c88, 0x09762e00, 0x09e00000)
 Metaspace       used 8243K, capacity 8435K, committed 8576K, reserved 8576K
}

Deoptimization events (0 events):
No events

Internal exceptions (10 events):
Event: 0.388 Thread 0x0186bc00 Exception <a 'java/lang/ClassNotFoundException': ToolBar> (0x040e7ec0) thrown at [C:\re\workspace\8-2-build-windows-i586-cygwin\jdk8u45\3627\hotspot\src\share\vm\classfile\systemDictionary.cpp, line 210]
Event: 0.388 Thread 0x0186bc00 Exception <a 'java/lang/ClassNotFoundException': ToggleButton> (0x040e83b8) thrown at [C:\re\workspace\8-2-build-windows-i586-cygwin\jdk8u45\3627\hotspot\src\share\vm\classfile\systemDictionary.cpp, line 210]
Event: 0.389 Thread 0x0186bc00 Exception <a 'java/lang/ClassNotFoundException': javax/swing/JToolBarSeparator> (0x040e8770) thrown at [C:\re\workspace\8-2-build-windows-i586-cygwin\jdk8u45\3627\hotspot\src\share\vm\classfile\systemDictionary.cpp, line 210]
Event: 0.389 Thread 0x0186bc00 Exception <a 'java/lang/ClassNotFoundException': ToolBarSeparator> (0x040e8b78) thrown at [C:\re\workspace\8-2-build-windows-i586-cygwin\jdk8u45\3627\hotspot\src\share\vm\classfile\systemDictionary.cpp, line 210]
Event: 0.389 Thread 0x0186bc00 Exception <a 'java/lang/ClassNotFoundException': ToolTip> (0x040e91e8) thrown at [C:\re\workspace\8-2-build-windows-i586-cygwin\jdk8u45\3627\hotspot\src\share\vm\classfile\systemDictionary.cpp, line 210]
Event: 0.390 Thread 0x0186bc00 Exception <a 'java/lang/ClassNotFoundException': Tree> (0x040e9c80) thrown at [C:\re\workspace\8-2-build-windows-i586-cygwin\jdk8u45\3627\hotspot\src\share\vm\classfile\systemDictionary.cpp, line 210]
Event: 0.390 Thread 0x0186bc00 Exception <a 'java/lang/ClassNotFoundException': Tree> (0x040ea2d0) thrown at [C:\re\workspace\8-2-build-windows-i586-cygwin\jdk8u45\3627\hotspot\src\share\vm\classfile\systemDictionary.cpp, line 210]
Event: 0.390 Thread 0x0186bc00 Exception <a 'java/lang/ClassNotFoundException': javax/swing/JTreeCell> (0x040ea5b8) thrown at [C:\re\workspace\8-2-build-windows-i586-cygwin\jdk8u45\3627\hotspot\src\share\vm\classfile\systemDictionary.cpp, line 210]
Event: 0.390 Thread 0x0186bc00 Exception <a 'java/lang/ClassNotFoundException': TreeCell> (0x040ea9b0) thrown at [C:\re\workspace\8-2-build-windows-i586-cygwin\jdk8u45\3627\hotspot\src\share\vm\classfile\systemDictionary.cpp, line 210]
Event: 0.390 Thread 0x0186bc00 Exception <a 'java/lang/ClassNotFoundException': RootPane> (0x040eb2d8) thrown at [C:\re\workspace\8-2-build-windows-i586-cygwin\jdk8u45\3627\hotspot\src\share\vm\classfile\systemDictionary.cpp, line 210]

Events (10 events):
Event: 2.309 loading class java/awt/geom/Rectangle2D$Double
Event: 2.309 loading class java/awt/geom/Rectangle2D$Double done
Event: 2.309 loading class codgio/Rombo
Event: 2.309 loading class codgio/Rombo done
Event: 2.309 loading class codgio/Cruz
Event: 2.309 loading class codgio/Cruz done
Event: 2.310 loading class codgio/Estrella
Event: 2.310 loading class codgio/Estrella done
Event: 2.857 Executing VM operation: GenCollectForAllocation
Event: 2.859 Executing VM operation: GenCollectForAllocation done


Dynamic libraries:
0x012e0000 - 0x01313000 	C:\Program Files\Java\jdk1.8.0_45\jre\bin\java.exe
0x776f0000 - 0x7782c000 	C:\Windows\SYSTEM32\ntdll.dll
0x760b0000 - 0x76184000 	C:\Windows\system32\kernel32.dll
0x75a80000 - 0x75aca000 	C:\Windows\system32\KERNELBASE.dll
0x76580000 - 0x76620000 	C:\Windows\system32\ADVAPI32.dll
0x76000000 - 0x760ac000 	C:\Windows\system32\msvcrt.dll
0x75dd0000 - 0x75de9000 	C:\Windows\SYSTEM32\sechost.dll
0x76360000 - 0x76401000 	C:\Windows\system32\RPCRT4.dll
0x76290000 - 0x76359000 	C:\Windows\system32\USER32.dll
0x761b0000 - 0x761fe000 	C:\Windows\system32\GDI32.dll
0x76190000 - 0x7619a000 	C:\Windows\system32\LPK.dll
0x75e80000 - 0x75f1d000 	C:\Windows\system32\USP10.dll
0x746e0000 - 0x7487e000 	C:\Windows\WinSxS\x86_microsoft.windows.common-controls_6595b64144ccf1df_6.0.7601.17514_none_41e6975e2bd6f2b2\COMCTL32.dll
0x77890000 - 0x778e7000 	C:\Windows\system32\SHLWAPI.dll
0x76560000 - 0x7657f000 	C:\Windows\system32\IMM32.DLL
0x75f20000 - 0x75fec000 	C:\Windows\system32\MSCTF.dll
0x69fc0000 - 0x6a07f000 	C:\Program Files\Java\jdk1.8.0_45\jre\bin\msvcr100.dll
0x63ca0000 - 0x64060000 	C:\Program Files\Java\jdk1.8.0_45\jre\bin\client\jvm.dll
0x74e40000 - 0x74e47000 	C:\Windows\system32\WSOCK32.dll
0x76520000 - 0x76555000 	C:\Windows\system32\WS2_32.dll
0x761a0000 - 0x761a6000 	C:\Windows\system32\NSI.dll
0x72530000 - 0x72562000 	C:\Windows\system32\WINMM.dll
0x74e50000 - 0x74e59000 	C:\Windows\system32\VERSION.dll
0x77830000 - 0x77835000 	C:\Windows\system32\PSAPI.DLL
0x72ec0000 - 0x72ecc000 	C:\Program Files\Java\jdk1.8.0_45\jre\bin\verify.dll
0x725c0000 - 0x725e1000 	C:\Program Files\Java\jdk1.8.0_45\jre\bin\java.dll
0x69f60000 - 0x69f73000 	C:\Program Files\Java\jdk1.8.0_45\jre\bin\zip.dll
0x76980000 - 0x775ca000 	C:\Windows\system32\SHELL32.dll
0x75b90000 - 0x75cec000 	C:\Windows\system32\ole32.dll
0x75890000 - 0x7589b000 	C:\Windows\system32\profapi.dll
0x69de0000 - 0x69f25000 	C:\Program Files\Java\jdk1.8.0_45\jre\bin\awt.dll
0x76200000 - 0x7628f000 	C:\Windows\system32\OLEAUT32.dll
0x74390000 - 0x743d0000 	C:\Windows\system32\uxtheme.dll
0x740a0000 - 0x740b3000 	C:\Windows\system32\dwmapi.dll
0x75810000 - 0x7581c000 	C:\Windows\system32\CRYPTBASE.dll
0x69da0000 - 0x69dd9000 	C:\Program Files\Java\jdk1.8.0_45\jre\bin\fontmanager.dll
0x6a0f0000 - 0x6a2b3000 	C:\Windows\system32\d3d9.dll
0x72630000 - 0x72636000 	C:\Windows\system32\d3d8thk.dll
0x64060000 - 0x647c3000 	C:\Windows\system32\nvd3dum.dll
0x74580000 - 0x745a5000 	C:\Windows\system32\powrprof.dll
0x767e0000 - 0x7697d000 	C:\Windows\system32\SETUPAPI.dll
0x75a50000 - 0x75a77000 	C:\Windows\system32\CFGMGR32.dll
0x75910000 - 0x75922000 	C:\Windows\system32\DEVOBJ.dll
0x69f40000 - 0x69f55000 	C:\Program Files\Java\jdk1.8.0_45\jre\bin\net.dll
0x75300000 - 0x7533c000 	C:\Windows\system32\mswsock.dll
0x752f0000 - 0x752f6000 	C:\Windows\System32\wship6.dll
0x69f30000 - 0x69f3f000 	C:\Program Files\Java\jdk1.8.0_45\jre\bin\nio.dll
0x69d70000 - 0x69da0000 	C:\Program Files\Java\jdk1.8.0_45\jre\bin\t2k.dll
0x5f550000 - 0x5f574000 	C:\Program Files\Java\jdk1.8.0_45\jre\bin\dcpr.dll
0x70f20000 - 0x7100b000 	C:\Windows\system32\dbghelp.dll

VM Arguments:
jvm_args: -Dfile.encoding=UTF-8 
java_command: codgio.VentanaDibujo
java_class_path (initial): C:\Program Files\NetBeans 8.0.2\java\modules\ext\AbsoluteLayout.jar;D:\Alejandro Dietta 1ºDAM\2EVALUACION\NetBeansProject\Paint2-master\build\classes
Launcher Type: SUN_STANDARD

Environment Variables:
PATH=C:\ProgramData\Oracle\Java\javapath;C:\Windows\system32;C:\Windows;C:\Windows\System32\Wbem;C:\Windows\System32\WindowsPowerShell\v1.0\;C:\Program Files\Microsoft SQL Server\110\Tools\Binn\;C:\Program Files\Microsoft\Web Platform Installer\;C:\Program Files\MySQL\MySQL Fabric 1.5 & MySQL Utilities 1.5\;C:\Program Files\MySQL\MySQL Fabric 1.5 & MySQL Utilities 1.5\Doctrine extensions for PHP\
USERNAME=Administrator
OS=Windows_NT
PROCESSOR_IDENTIFIER=x86 Family 6 Model 23 Stepping 6, GenuineIntel



---------------  S Y S T E M  ---------------

OS: Windows 7 Build 7601 (6.1.7601.17514)

CPU:total 2 (2 cores per cpu, 1 threads per core) family 6 model 23 stepping 6, cmov, cx8, fxsr, mmx, sse, sse2, sse3, ssse3, sse4.1, tsc

Memory: 4k page, physical 2096508k(789024k free), swap 4193016k(2086796k free)

vm_info: Java HotSpot(TM) Client VM (25.45-b02) for windows-x86 JRE (1.8.0_45-b15), built on Apr 30 2015 12:31:00 by "java_re" with MS VC++ 10.0 (VS2010)

time: Mon Feb 15 20:44:56 2016
elapsed time: 3 seconds (0d 0h 0m 3s)

