#
# A fatal error has been detected by the Java Runtime Environment:
#
#  EXCEPTION_ACCESS_VIOLATION (0xc0000005) at pc=0x642fb252, pid=1108, tid=2988
#
# JRE version: Java(TM) SE Runtime Environment (8.0_45-b15) (build 1.8.0_45-b15)
# Java VM: Java HotSpot(TM) Client VM (25.45-b02 mixed mode windows-x86 )
# Problematic frame:
# C  [nvd3dum.dll+0x29b252]
#
# Failed to write core dump. Minidumps are not enabled by default on client versions of Windows
#
# If you would like to submit a bug report, please visit:
#   http://bugreport.java.com/bugreport/crash.jsp
# The crash happened outside the Java Virtual Machine in native code.
# See problematic frame for where to report the bug.
#

---------------  T H R E A D  ---------------

Current thread (0x14607000):  JavaThread "AWT-Windows" daemon [_thread_in_native, id=2988, stack(0x149b0000,0x14a00000)]

siginfo: ExceptionCode=0xc0000005, writing address 0x00208004

Registers:
EAX=0x00208000, EBX=0x15319380, ECX=0x00000000, EDX=0x0000017c
ESP=0x149fec18, EBP=0x149fec24, ESI=0x15319390, EDI=0x00001001
EIP=0x642fb252, EFLAGS=0x00010202

Top of Stack: (sp=0x149fec18)
0x149fec18:   15270800 00000006 15272f74 149fec44
0x149fec28:   642b11d8 15319380 15270800 00000000
0x149fec38:   170e02d4 00000000 00000000 149fec70
0x149fec48:   642e93c1 152e17c0 15319700 00000000
0x149fec58:   00000000 00000000 170e02d4 170e0040
0x149fec68:   00000000 00000000 149fec98 6a207c49
0x149fec78:   15270800 170e02d4 00000040 00000000
0x149fec88:   170e0040 0000001f 00000000 00000054 

Instructions: (pc=0x642fb252)
0x642fb232:   60 85 01 00 8d 04 b0 8b b3 f0 00 00 00 8b 46 1c
0x642fb242:   57 8b 7e 28 8d 0c 7f 8d 04 c8 33 c9 47 89 7e 28
0x642fb252:   89 48 04 89 48 08 89 48 0c 89 48 10 89 48 14 89
0x642fb262:   08 8b 48 04 33 ca 81 e1 ff ff ff 00 31 48 04 8b 


Register to memory mapping:

EAX=0x00208000 is an unknown value
EBX=0x15319380 is an unknown value
ECX=0x00000000 is an unknown value
EDX=0x0000017c is an unknown value
ESP=0x149fec18 is pointing into the stack for thread: 0x14607000
EBP=0x149fec24 is pointing into the stack for thread: 0x14607000
ESI=0x15319390 is an unknown value
EDI=0x00001001 is an unknown value


Stack: [0x149b0000,0x14a00000],  sp=0x149fec18,  free space=315k
Native frames: (J=compiled Java code, j=interpreted, Vv=VM code, C=native code)
C  [nvd3dum.dll+0x29b252]
C  [nvd3dum.dll+0x2511d8]
C  [nvd3dum.dll+0x2893c1]
C  [d3d9.dll+0x117c49]
C  [d3d9.dll+0x11952a]
C  [d3d9.dll+0xb0f74]
C  [d3d9.dll+0x6aee7]
C  [d3d9.dll+0x362e2]
C  [d3d9.dll+0x36ad4]
C  [awt.dll+0x14b8f]

Java frames: (J=compiled Java code, j=interpreted, Vv=VM code)
j  sun.awt.windows.WToolkit.eventLoop()V+0
j  sun.awt.windows.WToolkit.run()V+58
j  java.lang.Thread.run()V+11
v  ~StubRoutines::call_stub

---------------  P R O C E S S  ---------------

Java Threads: ( => current thread )
  0x14e1f000 JavaThread "D3D Screen Updater" daemon [_thread_blocked, id=3564, stack(0x17ac0000,0x17b10000)]
  0x14c7ac00 JavaThread "TimerQueue" daemon [_thread_blocked, id=1144, stack(0x173a0000,0x173f0000)]
  0x019abc00 JavaThread "DestroyJavaVM" [_thread_blocked, id=3524, stack(0x01a20000,0x01a70000)]
  0x1465f000 JavaThread "AWT-EventQueue-0" [_thread_blocked, id=564, stack(0x14920000,0x14970000)]
=>0x14607000 JavaThread "AWT-Windows" daemon [_thread_in_native, id=2988, stack(0x149b0000,0x14a00000)]
  0x14606400 JavaThread "AWT-Shutdown" [_thread_blocked, id=2932, stack(0x03fb0000,0x04000000)]
  0x14603800 JavaThread "Java2D Disposer" daemon [_thread_in_native, id=1412, stack(0x148c0000,0x14910000)]
  0x144b6400 JavaThread "Service Thread" daemon [_thread_blocked, id=1152, stack(0x019c0000,0x01a10000)]
  0x144afc00 JavaThread "C1 CompilerThread0" daemon [_thread_blocked, id=3200, stack(0x146c0000,0x14710000)]
  0x144ad800 JavaThread "Attach Listener" daemon [_thread_blocked, id=1508, stack(0x14740000,0x14790000)]
  0x144aac00 JavaThread "Signal Dispatcher" daemon [_thread_blocked, id=1888, stack(0x14660000,0x146b0000)]
  0x14471c00 JavaThread "Finalizer" daemon [_thread_blocked, id=276, stack(0x01950000,0x019a0000)]
  0x1446f800 JavaThread "Reference Handler" daemon [_thread_blocked, id=2808, stack(0x03e90000,0x03ee0000)]

Other Threads:
  0x1446d400 VMThread [stack: 0x01aa0000,0x01af0000] [id=1456]
  0x144b7400 WatcherThread [stack: 0x14870000,0x148c0000] [id=1980]

VM state:not at safepoint (normal execution)

VM Mutex/Monitor currently owned by a thread: None

Heap:
 def new generation   total 4928K, used 221K [0x04000000, 0x04550000, 0x09550000)
  eden space 4416K,   3% used [0x04000000, 0x0402a4e0, 0x04450000)
  from space 512K,  10% used [0x04450000, 0x0445cf70, 0x044d0000)
  to   space 512K,   0% used [0x044d0000, 0x044d0000, 0x04550000)
 tenured generation   total 10944K, used 4184K [0x09550000, 0x0a000000, 0x14000000)
   the space 10944K,  38% used [0x09550000, 0x099661c8, 0x09966200, 0x0a000000)
 Metaspace       used 8244K, capacity 8435K, committed 8576K, reserved 8576K

Card table byte_map: [0x01180000,0x01210000] byte_map_base: 0x01160000

Polling page: 0x00140000

CodeCache: size=32768Kb used=1666Kb max_used=1666Kb free=31101Kb
 bounds [0x01e60000, 0x02008000, 0x03e60000]
 total_blobs=1062 nmethods=822 adapters=171
 compilation: enabled

Compilation events (10 events):
Event: 5.904 Thread 0x144afc00  823             java.lang.ref.Reference::access$100 (4 bytes)
Event: 5.904 Thread 0x144afc00 nmethod 823 0x01fff748 code [0x01fff840, 0x01fff8b0]
Event: 5.904 Thread 0x144afc00  824   !         java.lang.ref.ReferenceQueue::enqueue (119 bytes)
Event: 5.905 Thread 0x144afc00 nmethod 824 0x01fff908 code [0x01fffa20, 0x01fffd6c]
Event: 5.905 Thread 0x144afc00  825             java.lang.ref.ReferenceQueue::reallyPoll (66 bytes)
Event: 5.905 Thread 0x144afc00 nmethod 825 0x01ffff08 code [0x02000010, 0x02000170]
Event: 5.905 Thread 0x144afc00  826  s          java.util.Hashtable::remove (133 bytes)
Event: 5.906 Thread 0x144afc00 nmethod 826 0x020001c8 code [0x020002f0, 0x02000698]
Event: 5.908 Thread 0x144afc00  827             java.util.concurrent.locks.AbstractQueuedSynchronizer::shouldParkAfterFailedAcquire (50 bytes)
Event: 5.909 Thread 0x144afc00 nmethod 827 0x02000908 code [0x02000a00, 0x02000b10]

GC Heap History (10 events):
Event: 2.196 GC heap before
{Heap before GC invocations=1 (full 0):
 def new generation   total 4928K, used 4928K [0x04000000, 0x04550000, 0x09550000)
  eden space 4416K, 100% used [0x04000000, 0x04450000, 0x04450000)
  from space 512K, 100% used [0x044d0000, 0x04550000, 0x04550000)
  to   space 512K,   0% used [0x04450000, 0x04450000, 0x044d0000)
 tenured generation   total 10944K, used 1185K [0x09550000, 0x0a000000, 0x14000000)
   the space 10944K,  10% used [0x09550000, 0x09678738, 0x09678800, 0x0a000000)
 Metaspace       used 8243K, capacity 8435K, committed 8576K, reserved 8576K
Event: 2.204 GC heap after
Heap after GC invocations=2 (full 0):
 def new generation   total 4928K, used 512K [0x04000000, 0x04550000, 0x09550000)
  eden space 4416K,   0% used [0x04000000, 0x04000000, 0x04450000)
  from space 512K, 100% used [0x04450000, 0x044d0000, 0x044d0000)
  to   space 512K,   0% used [0x044d0000, 0x044d0000, 0x04550000)
 tenured generation   total 10944K, used 3697K [0x09550000, 0x0a000000, 0x14000000)
   the space 10944K,  33% used [0x09550000, 0x098ec550, 0x098ec600, 0x0a000000)
 Metaspace       used 8243K, capacity 8435K, committed 8576K, reserved 8576K
}
Event: 2.885 GC heap before
{Heap before GC invocations=2 (full 0):
 def new generation   total 4928K, used 4928K [0x04000000, 0x04550000, 0x09550000)
  eden space 4416K, 100% used [0x04000000, 0x04450000, 0x04450000)
  from space 512K, 100% used [0x04450000, 0x044d0000, 0x044d0000)
  to   space 512K,   0% used [0x044d0000, 0x044d0000, 0x04550000)
 tenured generation   total 10944K, used 3697K [0x09550000, 0x0a000000, 0x14000000)
   the space 10944K,  33% used [0x09550000, 0x098ec550, 0x098ec600, 0x0a000000)
 Metaspace       used 8243K, capacity 8435K, committed 8576K, reserved 8576K
Event: 2.888 GC heap after
Heap after GC invocations=3 (full 0):
 def new generation   total 4928K, used 43K [0x04000000, 0x04550000, 0x09550000)
  eden space 4416K,   0% used [0x04000000, 0x04000000, 0x04450000)
  from space 512K,   8% used [0x044d0000, 0x044dacd0, 0x04550000)
  to   space 512K,   0% used [0x04450000, 0x04450000, 0x044d0000)
 tenured generation   total 10944K, used 4184K [0x09550000, 0x0a000000, 0x14000000)
   the space 10944K,  38% used [0x09550000, 0x099661c8, 0x09966200, 0x0a000000)
 Metaspace       used 8243K, capacity 8435K, committed 8576K, reserved 8576K
}
Event: 3.404 GC heap before
{Heap before GC invocations=3 (full 0):
 def new generation   total 4928K, used 4459K [0x04000000, 0x04550000, 0x09550000)
  eden space 4416K, 100% used [0x04000000, 0x04450000, 0x04450000)
  from space 512K,   8% used [0x044d0000, 0x044dacd0, 0x04550000)
  to   space 512K,   0% used [0x04450000, 0x04450000, 0x044d0000)
 tenured generation   total 10944K, used 4184K [0x09550000, 0x0a000000, 0x14000000)
   the space 10944K,  38% used [0x09550000, 0x099661c8, 0x09966200, 0x0a000000)
 Metaspace       used 8244K, capacity 8435K, committed 8576K, reserved 8576K
Event: 3.405 GC heap after
Heap after GC invocations=4 (full 0):
 def new generation   total 4928K, used 42K [0x04000000, 0x04550000, 0x09550000)
  eden space 4416K,   0% used [0x04000000, 0x04000000, 0x04450000)
  from space 512K,   8% used [0x04450000, 0x0445a918, 0x044d0000)
  to   space 512K,   0% used [0x044d0000, 0x044d0000, 0x04550000)
 tenured generation   total 10944K, used 4184K [0x09550000, 0x0a000000, 0x14000000)
   the space 10944K,  38% used [0x09550000, 0x099661c8, 0x09966200, 0x0a000000)
 Metaspace       used 8244K, capacity 8435K, committed 8576K, reserved 8576K
}
Event: 5.446 GC heap before
{Heap before GC invocations=4 (full 0):
 def new generation   total 4928K, used 4458K [0x04000000, 0x04550000, 0x09550000)
  eden space 4416K, 100% used [0x04000000, 0x04450000, 0x04450000)
  from space 512K,   8% used [0x04450000, 0x0445a918, 0x044d0000)
  to   space 512K,   0% used [0x044d0000, 0x044d0000, 0x04550000)
 tenured generation   total 10944K, used 4184K [0x09550000, 0x0a000000, 0x14000000)
   the space 10944K,  38% used [0x09550000, 0x099661c8, 0x09966200, 0x0a000000)
 Metaspace       used 8244K, capacity 8435K, committed 8576K, reserved 8576K
Event: 5.448 GC heap after
Heap after GC invocations=5 (full 0):
 def new generation   total 4928K, used 42K [0x04000000, 0x04550000, 0x09550000)
  eden space 4416K,   0% used [0x04000000, 0x04000000, 0x04450000)
  from space 512K,   8% used [0x044d0000, 0x044daa30, 0x04550000)
  to   space 512K,   0% used [0x04450000, 0x04450000, 0x044d0000)
 tenured generation   total 10944K, used 4184K [0x09550000, 0x0a000000, 0x14000000)
   the space 10944K,  38% used [0x09550000, 0x099661c8, 0x09966200, 0x0a000000)
 Metaspace       used 8244K, capacity 8435K, committed 8576K, reserved 8576K
}
Event: 5.903 GC heap before
{Heap before GC invocations=5 (full 0):
 def new generation   total 4928K, used 4458K [0x04000000, 0x04550000, 0x09550000)
  eden space 4416K, 100% used [0x04000000, 0x04450000, 0x04450000)
  from space 512K,   8% used [0x044d0000, 0x044daa30, 0x04550000)
  to   space 512K,   0% used [0x04450000, 0x04450000, 0x044d0000)
 tenured generation   total 10944K, used 4184K [0x09550000, 0x0a000000, 0x14000000)
   the space 10944K,  38% used [0x09550000, 0x099661c8, 0x09966200, 0x0a000000)
 Metaspace       used 8244K, capacity 8435K, committed 8576K, reserved 8576K
Event: 5.904 GC heap after
Heap after GC invocations=6 (full 0):
 def new generation   total 4928K, used 51K [0x04000000, 0x04550000, 0x09550000)
  eden space 4416K,   0% used [0x04000000, 0x04000000, 0x04450000)
  from space 512K,  10% used [0x04450000, 0x0445cf70, 0x044d0000)
  to   space 512K,   0% used [0x044d0000, 0x044d0000, 0x04550000)
 tenured generation   total 10944K, used 4184K [0x09550000, 0x0a000000, 0x14000000)
   the space 10944K,  38% used [0x09550000, 0x099661c8, 0x09966200, 0x0a000000)
 Metaspace       used 8244K, capacity 8435K, committed 8576K, reserved 8576K
}

Deoptimization events (0 events):
No events

Internal exceptions (10 events):
Event: 0.360 Thread 0x019abc00 Exception <a 'java/lang/ClassNotFoundException': ToolBar> (0x042d23c8) thrown at [C:\re\workspace\8-2-build-windows-i586-cygwin\jdk8u45\3627\hotspot\src\share\vm\classfile\systemDictionary.cpp, line 210]
Event: 0.360 Thread 0x019abc00 Exception <a 'java/lang/ClassNotFoundException': ToggleButton> (0x042d28c0) thrown at [C:\re\workspace\8-2-build-windows-i586-cygwin\jdk8u45\3627\hotspot\src\share\vm\classfile\systemDictionary.cpp, line 210]
Event: 0.360 Thread 0x019abc00 Exception <a 'java/lang/ClassNotFoundException': javax/swing/JToolBarSeparator> (0x042d2c78) thrown at [C:\re\workspace\8-2-build-windows-i586-cygwin\jdk8u45\3627\hotspot\src\share\vm\classfile\systemDictionary.cpp, line 210]
Event: 0.360 Thread 0x019abc00 Exception <a 'java/lang/ClassNotFoundException': ToolBarSeparator> (0x042d3080) thrown at [C:\re\workspace\8-2-build-windows-i586-cygwin\jdk8u45\3627\hotspot\src\share\vm\classfile\systemDictionary.cpp, line 210]
Event: 0.360 Thread 0x019abc00 Exception <a 'java/lang/ClassNotFoundException': ToolTip> (0x042d36f0) thrown at [C:\re\workspace\8-2-build-windows-i586-cygwin\jdk8u45\3627\hotspot\src\share\vm\classfile\systemDictionary.cpp, line 210]
Event: 0.362 Thread 0x019abc00 Exception <a 'java/lang/ClassNotFoundException': Tree> (0x042d4188) thrown at [C:\re\workspace\8-2-build-windows-i586-cygwin\jdk8u45\3627\hotspot\src\share\vm\classfile\systemDictionary.cpp, line 210]
Event: 0.362 Thread 0x019abc00 Exception <a 'java/lang/ClassNotFoundException': Tree> (0x042d47d8) thrown at [C:\re\workspace\8-2-build-windows-i586-cygwin\jdk8u45\3627\hotspot\src\share\vm\classfile\systemDictionary.cpp, line 210]
Event: 0.362 Thread 0x019abc00 Exception <a 'java/lang/ClassNotFoundException': javax/swing/JTreeCell> (0x042d4ac0) thrown at [C:\re\workspace\8-2-build-windows-i586-cygwin\jdk8u45\3627\hotspot\src\share\vm\classfile\systemDictionary.cpp, line 210]
Event: 0.362 Thread 0x019abc00 Exception <a 'java/lang/ClassNotFoundException': TreeCell> (0x042d4eb8) thrown at [C:\re\workspace\8-2-build-windows-i586-cygwin\jdk8u45\3627\hotspot\src\share\vm\classfile\systemDictionary.cpp, line 210]
Event: 0.362 Thread 0x019abc00 Exception <a 'java/lang/ClassNotFoundException': RootPane> (0x042d57e0) thrown at [C:\re\workspace\8-2-build-windows-i586-cygwin\jdk8u45\3627\hotspot\src\share\vm\classfile\systemDictionary.cpp, line 210]

Events (10 events):
Event: 3.405 Executing VM operation: GenCollectForAllocation done
Event: 3.424 Thread 0x144afc00 flushing nmethod 0x01f4f888
Event: 3.424 Thread 0x144afc00 flushing nmethod 0x01f500c8
Event: 3.424 Thread 0x144afc00 flushing nmethod 0x01f52508
Event: 4.405 Executing VM operation: EnableBiasedLocking
Event: 4.405 Executing VM operation: EnableBiasedLocking done
Event: 5.446 Executing VM operation: GenCollectForAllocation
Event: 5.448 Executing VM operation: GenCollectForAllocation done
Event: 5.902 Executing VM operation: GenCollectForAllocation
Event: 5.904 Executing VM operation: GenCollectForAllocation done


Dynamic libraries:
0x012e0000 - 0x01313000 	C:\Program Files\Java\jdk1.8.0_45\jre\bin\java.exe
0x776f0000 - 0x7782c000 	C:\Windows\SYSTEM32\ntdll.dll
0x760b0000 - 0x76184000 	C:\Windows\system32\kernel32.dll
0x75a80000 - 0x75aca000 	C:\Windows\system32\KERNELBASE.dll
0x76580000 - 0x76620000 	C:\Windows\system32\ADVAPI32.dll
0x76000000 - 0x760ac000 	C:\Windows\system32\msvcrt.dll
0x75dd0000 - 0x75de9000 	C:\Windows\SYSTEM32\sechost.dll
0x76360000 - 0x76401000 	C:\Windows\system32\RPCRT4.dll
0x76290000 - 0x76359000 	C:\Windows\system32\USER32.dll
0x761b0000 - 0x761fe000 	C:\Windows\system32\GDI32.dll
0x76190000 - 0x7619a000 	C:\Windows\system32\LPK.dll
0x75e80000 - 0x75f1d000 	C:\Windows\system32\USP10.dll
0x746e0000 - 0x7487e000 	C:\Windows\WinSxS\x86_microsoft.windows.common-controls_6595b64144ccf1df_6.0.7601.17514_none_41e6975e2bd6f2b2\COMCTL32.dll
0x77890000 - 0x778e7000 	C:\Windows\system32\SHLWAPI.dll
0x76560000 - 0x7657f000 	C:\Windows\system32\IMM32.DLL
0x75f20000 - 0x75fec000 	C:\Windows\system32\MSCTF.dll
0x69fc0000 - 0x6a07f000 	C:\Program Files\Java\jdk1.8.0_45\jre\bin\msvcr100.dll
0x63ca0000 - 0x64060000 	C:\Program Files\Java\jdk1.8.0_45\jre\bin\client\jvm.dll
0x74e40000 - 0x74e47000 	C:\Windows\system32\WSOCK32.dll
0x76520000 - 0x76555000 	C:\Windows\system32\WS2_32.dll
0x761a0000 - 0x761a6000 	C:\Windows\system32\NSI.dll
0x72530000 - 0x72562000 	C:\Windows\system32\WINMM.dll
0x74e50000 - 0x74e59000 	C:\Windows\system32\VERSION.dll
0x77830000 - 0x77835000 	C:\Windows\system32\PSAPI.DLL
0x72ec0000 - 0x72ecc000 	C:\Program Files\Java\jdk1.8.0_45\jre\bin\verify.dll
0x725c0000 - 0x725e1000 	C:\Program Files\Java\jdk1.8.0_45\jre\bin\java.dll
0x69f60000 - 0x69f73000 	C:\Program Files\Java\jdk1.8.0_45\jre\bin\zip.dll
0x76980000 - 0x775ca000 	C:\Windows\system32\SHELL32.dll
0x75b90000 - 0x75cec000 	C:\Windows\system32\ole32.dll
0x75890000 - 0x7589b000 	C:\Windows\system32\profapi.dll
0x69de0000 - 0x69f25000 	C:\Program Files\Java\jdk1.8.0_45\jre\bin\awt.dll
0x76200000 - 0x7628f000 	C:\Windows\system32\OLEAUT32.dll
0x74390000 - 0x743d0000 	C:\Windows\system32\uxtheme.dll
0x740a0000 - 0x740b3000 	C:\Windows\system32\dwmapi.dll
0x75810000 - 0x7581c000 	C:\Windows\system32\CRYPTBASE.dll
0x69da0000 - 0x69dd9000 	C:\Program Files\Java\jdk1.8.0_45\jre\bin\fontmanager.dll
0x6a0f0000 - 0x6a2b3000 	C:\Windows\system32\d3d9.dll
0x72630000 - 0x72636000 	C:\Windows\system32\d3d8thk.dll
0x64060000 - 0x647c3000 	C:\Windows\system32\nvd3dum.dll
0x74580000 - 0x745a5000 	C:\Windows\system32\powrprof.dll
0x767e0000 - 0x7697d000 	C:\Windows\system32\SETUPAPI.dll
0x75a50000 - 0x75a77000 	C:\Windows\system32\CFGMGR32.dll
0x75910000 - 0x75922000 	C:\Windows\system32\DEVOBJ.dll
0x69f40000 - 0x69f55000 	C:\Program Files\Java\jdk1.8.0_45\jre\bin\net.dll
0x75300000 - 0x7533c000 	C:\Windows\system32\mswsock.dll
0x752f0000 - 0x752f6000 	C:\Windows\System32\wship6.dll
0x69f30000 - 0x69f3f000 	C:\Program Files\Java\jdk1.8.0_45\jre\bin\nio.dll
0x69d70000 - 0x69da0000 	C:\Program Files\Java\jdk1.8.0_45\jre\bin\t2k.dll
0x5f550000 - 0x5f574000 	C:\Program Files\Java\jdk1.8.0_45\jre\bin\dcpr.dll
0x70f20000 - 0x7100b000 	C:\Windows\system32\dbghelp.dll

VM Arguments:
jvm_args: -Dfile.encoding=UTF-8 
java_command: codgio.VentanaDibujo
java_class_path (initial): C:\Program Files\NetBeans 8.0.2\java\modules\ext\AbsoluteLayout.jar;D:\Alejandro Dietta 1ºDAM\2EVALUACION\NetBeansProject\Paint2-master\build\classes
Launcher Type: SUN_STANDARD

Environment Variables:
PATH=C:\ProgramData\Oracle\Java\javapath;C:\Windows\system32;C:\Windows;C:\Windows\System32\Wbem;C:\Windows\System32\WindowsPowerShell\v1.0\;C:\Program Files\Microsoft SQL Server\110\Tools\Binn\;C:\Program Files\Microsoft\Web Platform Installer\;C:\Program Files\MySQL\MySQL Fabric 1.5 & MySQL Utilities 1.5\;C:\Program Files\MySQL\MySQL Fabric 1.5 & MySQL Utilities 1.5\Doctrine extensions for PHP\
USERNAME=Administrator
OS=Windows_NT
PROCESSOR_IDENTIFIER=x86 Family 6 Model 23 Stepping 6, GenuineIntel



---------------  S Y S T E M  ---------------

OS: Windows 7 Build 7601 (6.1.7601.17514)

CPU:total 2 (2 cores per cpu, 1 threads per core) family 6 model 23 stepping 6, cmov, cx8, fxsr, mmx, sse, sse2, sse3, ssse3, sse4.1, tsc

Memory: 4k page, physical 2096508k(784788k free), swap 4193016k(2091100k free)

vm_info: Java HotSpot(TM) Client VM (25.45-b02) for windows-x86 JRE (1.8.0_45-b15), built on Apr 30 2015 12:31:00 by "java_re" with MS VC++ 10.0 (VS2010)

time: Mon Feb 15 20:45:33 2016
elapsed time: 5 seconds (0d 0h 0m 5s)

