#
# A fatal error has been detected by the Java Runtime Environment:
#
#  EXCEPTION_ACCESS_VIOLATION (0xc0000005) at pc=0x64f9b252, pid=4060, tid=2360
#
# JRE version: Java(TM) SE Runtime Environment (8.0_45-b15) (build 1.8.0_45-b15)
# Java VM: Java HotSpot(TM) Client VM (25.45-b02 mixed mode windows-x86 )
# Problematic frame:
# C  [nvd3dum.dll+0x29b252]
#
# Failed to write core dump. Minidumps are not enabled by default on client versions of Windows
#
# If you would like to submit a bug report, please visit:
#   http://bugreport.java.com/bugreport/crash.jsp
# The crash happened outside the Java Virtual Machine in native code.
# See problematic frame for where to report the bug.
#

---------------  T H R E A D  ---------------

Current thread (0x1428c800):  JavaThread "AWT-Windows" daemon [_thread_in_native, id=2360, stack(0x14440000,0x14490000)]

siginfo: ExceptionCode=0xc0000005, writing address 0x01788004

Registers:
EAX=0x01788000, EBX=0x152e9380, ECX=0x00000000, EDX=0x0000017a
ESP=0x1448eb58, EBP=0x1448eb64, ESI=0x152e9390, EDI=0x00001001
EIP=0x64f9b252, EFLAGS=0x00010202

Top of Stack: (sp=0x1448eb58)
0x1448eb58:   15240800 00000004 15242f4c 1448eb84
0x1448eb68:   64f511d8 152e9380 15240800 00000000
0x1448eb78:   170b03ec 00000000 00000000 1448ebb0
0x1448eb88:   64f893c1 152b17c0 152e9700 00000000
0x1448eb98:   00000000 00000000 170b03ec 170b0040
0x1448eba8:   00000000 00000000 1448ebd8 65587c49
0x1448ebb8:   15240800 170b03ec 00000040 00000000
0x1448ebc8:   170b0040 0000001f 00000000 0000016c 

Instructions: (pc=0x64f9b252)
0x64f9b232:   60 85 01 00 8d 04 b0 8b b3 f0 00 00 00 8b 46 1c
0x64f9b242:   57 8b 7e 28 8d 0c 7f 8d 04 c8 33 c9 47 89 7e 28
0x64f9b252:   89 48 04 89 48 08 89 48 0c 89 48 10 89 48 14 89
0x64f9b262:   08 8b 48 04 33 ca 81 e1 ff ff ff 00 31 48 04 8b 


Register to memory mapping:

EAX=0x01788000 is an unknown value
EBX=0x152e9380 is an unknown value
ECX=0x00000000 is an unknown value
EDX=0x0000017a is an unknown value
ESP=0x1448eb58 is pointing into the stack for thread: 0x1428c800
EBP=0x1448eb64 is pointing into the stack for thread: 0x1428c800
ESI=0x152e9390 is an unknown value
EDI=0x00001001 is an unknown value


Stack: [0x14440000,0x14490000],  sp=0x1448eb58,  free space=314k
Native frames: (J=compiled Java code, j=interpreted, Vv=VM code, C=native code)
C  [nvd3dum.dll+0x29b252]
C  [nvd3dum.dll+0x2511d8]
C  [nvd3dum.dll+0x2893c1]
C  [d3d9.dll+0x117c49]
C  [d3d9.dll+0x11952a]
C  [d3d9.dll+0xb0f74]
C  [d3d9.dll+0x6aee7]
C  [d3d9.dll+0x362e2]
C  [d3d9.dll+0x36ad4]
C  [awt.dll+0x14b8f]

Java frames: (J=compiled Java code, j=interpreted, Vv=VM code)
j  sun.awt.windows.WToolkit.eventLoop()V+0
j  sun.awt.windows.WToolkit.run()V+58
j  java.lang.Thread.run()V+11
v  ~StubRoutines::call_stub

---------------  P R O C E S S  ---------------

Java Threads: ( => current thread )
  0x14e69800 JavaThread "D3D Screen Updater" daemon [_thread_blocked, id=2572, stack(0x17b60000,0x17bb0000)]
  0x14cb8c00 JavaThread "TimerQueue" daemon [_thread_blocked, id=2592, stack(0x17400000,0x17450000)]
  0x0112bc00 JavaThread "DestroyJavaVM" [_thread_blocked, id=3000, stack(0x01190000,0x011e0000)]
  0x142a7800 JavaThread "AWT-EventQueue-0" [_thread_blocked, id=2876, stack(0x14580000,0x145d0000)]
=>0x1428c800 JavaThread "AWT-Windows" daemon [_thread_in_native, id=2360, stack(0x14440000,0x14490000)]
  0x1428c000 JavaThread "AWT-Shutdown" [_thread_blocked, id=2924, stack(0x14910000,0x14960000)]
  0x14286800 JavaThread "Java2D Disposer" daemon [_thread_in_native, id=2308, stack(0x148a0000,0x148f0000)]
  0x14141400 JavaThread "Service Thread" daemon [_thread_blocked, id=1780, stack(0x14680000,0x146d0000)]
  0x1413fc00 JavaThread "C1 CompilerThread0" daemon [_thread_blocked, id=1904, stack(0x14600000,0x14650000)]
  0x1413d400 JavaThread "Attach Listener" daemon [_thread_blocked, id=3320, stack(0x14530000,0x14580000)]
  0x1413ac00 JavaThread "Signal Dispatcher" daemon [_thread_blocked, id=2448, stack(0x143d0000,0x14420000)]
  0x14101c00 JavaThread "Finalizer" daemon [_thread_blocked, id=3284, stack(0x142f0000,0x14340000)]
  0x140ff800 JavaThread "Reference Handler" daemon [_thread_blocked, id=2780, stack(0x14360000,0x143b0000)]

Other Threads:
  0x140fd400 VMThread [stack: 0x144c0000,0x14510000] [id=3592]
  0x14148800 WatcherThread [stack: 0x146e0000,0x14730000] [id=3096]

VM state:not at safepoint (normal execution)

VM Mutex/Monitor currently owned by a thread: None

Heap:
 def new generation   total 4928K, used 229K [0x03c00000, 0x04150000, 0x09150000)
  eden space 4416K,   4% used [0x03c00000, 0x03c2cab8, 0x04050000)
  from space 512K,   9% used [0x040d0000, 0x040dcbb8, 0x04150000)
  to   space 512K,   0% used [0x04050000, 0x04050000, 0x040d0000)
 tenured generation   total 10944K, used 4167K [0x09150000, 0x09c00000, 0x13c00000)
   the space 10944K,  38% used [0x09150000, 0x09561d70, 0x09561e00, 0x09c00000)
 Metaspace       used 8240K, capacity 8435K, committed 8576K, reserved 8576K

Card table byte_map: [0x13c00000,0x13c90000] byte_map_base: 0x13be2000

Polling page: 0x00120000

CodeCache: size=32768Kb used=1697Kb max_used=1697Kb free=31070Kb
 bounds [0x01bc0000, 0x01d70000, 0x03bc0000]
 total_blobs=1083 nmethods=843 adapters=171
 compilation: enabled

Compilation events (10 events):
Event: 5.820 Thread 0x1413fc00  843             java.util.WeakHashMap::put (162 bytes)
Event: 5.820 Thread 0x1413fc00 nmethod 843 0x01d64508 code [0x01d64650, 0x01d649b0]
Event: 5.821 Thread 0x1413fc00  844             java.awt.geom.Path2D$Float::append (229 bytes)
Event: 5.821 Thread 0x1413fc00 nmethod 844 0x01d64c88 code [0x01d64e00, 0x01d651ac]
Event: 5.836 Thread 0x1413fc00  845             java.awt.event.MouseEvent::getModifiersEx (29 bytes)
Event: 5.837 Thread 0x1413fc00 nmethod 845 0x01d65488 code [0x01d65580, 0x01d6563c]
Event: 5.856 Thread 0x1413fc00  846   !         java.awt.EventDispatchThread::pumpOneEventForFilters (295 bytes)
Event: 5.858 Thread 0x1413fc00 nmethod 846 0x01d656c8 code [0x01d65940, 0x01d66424]
Event: 5.961 Thread 0x1413fc00  848   !         sun.swing.SwingUtilities2::getLeftSideBearing (178 bytes)
Event: 5.962 Thread 0x1413fc00 nmethod 848 0x01d67a48 code [0x01d67bb0, 0x01d6802c]

GC Heap History (10 events):
Event: 3.201 GC heap before
{Heap before GC invocations=2 (full 0):
 def new generation   total 4928K, used 4897K [0x03c00000, 0x04150000, 0x09150000)
  eden space 4416K, 100% used [0x03c00000, 0x04050000, 0x04050000)
  from space 512K,  93% used [0x04050000, 0x040c8440, 0x040d0000)
  to   space 512K,   0% used [0x040d0000, 0x040d0000, 0x04150000)
 tenured generation   total 10944K, used 3718K [0x09150000, 0x09c00000, 0x13c00000)
   the space 10944K,  33% used [0x09150000, 0x094f1a98, 0x094f1c00, 0x09c00000)
 Metaspace       used 8240K, capacity 8435K, committed 8576K, reserved 8576K
Event: 3.204 GC heap after
Heap after GC invocations=3 (full 0):
 def new generation   total 4928K, used 44K [0x03c00000, 0x04150000, 0x09150000)
  eden space 4416K,   0% used [0x03c00000, 0x03c00000, 0x04050000)
  from space 512K,   8% used [0x040d0000, 0x040db0c8, 0x04150000)
  to   space 512K,   0% used [0x04050000, 0x04050000, 0x040d0000)
 tenured generation   total 10944K, used 4167K [0x09150000, 0x09c00000, 0x13c00000)
   the space 10944K,  38% used [0x09150000, 0x09561d70, 0x09561e00, 0x09c00000)
 Metaspace       used 8240K, capacity 8435K, committed 8576K, reserved 8576K
}
Event: 4.030 GC heap before
{Heap before GC invocations=3 (full 0):
 def new generation   total 4928K, used 4460K [0x03c00000, 0x04150000, 0x09150000)
  eden space 4416K, 100% used [0x03c00000, 0x04050000, 0x04050000)
  from space 512K,   8% used [0x040d0000, 0x040db0c8, 0x04150000)
  to   space 512K,   0% used [0x04050000, 0x04050000, 0x040d0000)
 tenured generation   total 10944K, used 4167K [0x09150000, 0x09c00000, 0x13c00000)
   the space 10944K,  38% used [0x09150000, 0x09561d70, 0x09561e00, 0x09c00000)
 Metaspace       used 8240K, capacity 8435K, committed 8576K, reserved 8576K
Event: 4.032 GC heap after
Heap after GC invocations=4 (full 0):
 def new generation   total 4928K, used 44K [0x03c00000, 0x04150000, 0x09150000)
  eden space 4416K,   0% used [0x03c00000, 0x03c00000, 0x04050000)
  from space 512K,   8% used [0x04050000, 0x0405b398, 0x040d0000)
  to   space 512K,   0% used [0x040d0000, 0x040d0000, 0x04150000)
 tenured generation   total 10944K, used 4167K [0x09150000, 0x09c00000, 0x13c00000)
   the space 10944K,  38% used [0x09150000, 0x09561d70, 0x09561e00, 0x09c00000)
 Metaspace       used 8240K, capacity 8435K, committed 8576K, reserved 8576K
}
Event: 4.638 GC heap before
{Heap before GC invocations=4 (full 0):
 def new generation   total 4928K, used 4460K [0x03c00000, 0x04150000, 0x09150000)
  eden space 4416K, 100% used [0x03c00000, 0x04050000, 0x04050000)
  from space 512K,   8% used [0x04050000, 0x0405b398, 0x040d0000)
  to   space 512K,   0% used [0x040d0000, 0x040d0000, 0x04150000)
 tenured generation   total 10944K, used 4167K [0x09150000, 0x09c00000, 0x13c00000)
   the space 10944K,  38% used [0x09150000, 0x09561d70, 0x09561e00, 0x09c00000)
 Metaspace       used 8240K, capacity 8435K, committed 8576K, reserved 8576K
Event: 4.639 GC heap after
Heap after GC invocations=5 (full 0):
 def new generation   total 4928K, used 51K [0x03c00000, 0x04150000, 0x09150000)
  eden space 4416K,   0% used [0x03c00000, 0x03c00000, 0x04050000)
  from space 512K,  10% used [0x040d0000, 0x040dcf48, 0x04150000)
  to   space 512K,   0% used [0x04050000, 0x04050000, 0x040d0000)
 tenured generation   total 10944K, used 4167K [0x09150000, 0x09c00000, 0x13c00000)
   the space 10944K,  38% used [0x09150000, 0x09561d70, 0x09561e00, 0x09c00000)
 Metaspace       used 8240K, capacity 8435K, committed 8576K, reserved 8576K
}
Event: 5.223 GC heap before
{Heap before GC invocations=5 (full 0):
 def new generation   total 4928K, used 4467K [0x03c00000, 0x04150000, 0x09150000)
  eden space 4416K, 100% used [0x03c00000, 0x04050000, 0x04050000)
  from space 512K,  10% used [0x040d0000, 0x040dcf48, 0x04150000)
  to   space 512K,   0% used [0x04050000, 0x04050000, 0x040d0000)
 tenured generation   total 10944K, used 4167K [0x09150000, 0x09c00000, 0x13c00000)
   the space 10944K,  38% used [0x09150000, 0x09561d70, 0x09561e00, 0x09c00000)
 Metaspace       used 8240K, capacity 8435K, committed 8576K, reserved 8576K
Event: 5.224 GC heap after
Heap after GC invocations=6 (full 0):
 def new generation   total 4928K, used 48K [0x03c00000, 0x04150000, 0x09150000)
  eden space 4416K,   0% used [0x03c00000, 0x03c00000, 0x04050000)
  from space 512K,   9% used [0x04050000, 0x0405c090, 0x040d0000)
  to   space 512K,   0% used [0x040d0000, 0x040d0000, 0x04150000)
 tenured generation   total 10944K, used 4167K [0x09150000, 0x09c00000, 0x13c00000)
   the space 10944K,  38% used [0x09150000, 0x09561d70, 0x09561e00, 0x09c00000)
 Metaspace       used 8240K, capacity 8435K, committed 8576K, reserved 8576K
}
Event: 5.952 GC heap before
{Heap before GC invocations=6 (full 0):
 def new generation   total 4928K, used 4464K [0x03c00000, 0x04150000, 0x09150000)
  eden space 4416K, 100% used [0x03c00000, 0x04050000, 0x04050000)
  from space 512K,   9% used [0x04050000, 0x0405c090, 0x040d0000)
  to   space 512K,   0% used [0x040d0000, 0x040d0000, 0x04150000)
 tenured generation   total 10944K, used 4167K [0x09150000, 0x09c00000, 0x13c00000)
   the space 10944K,  38% used [0x09150000, 0x09561d70, 0x09561e00, 0x09c00000)
 Metaspace       used 8240K, capacity 8435K, committed 8576K, reserved 8576K
Event: 5.953 GC heap after
Heap after GC invocations=7 (full 0):
 def new generation   total 4928K, used 50K [0x03c00000, 0x04150000, 0x09150000)
  eden space 4416K,   0% used [0x03c00000, 0x03c00000, 0x04050000)
  from space 512K,   9% used [0x040d0000, 0x040dcbb8, 0x04150000)
  to   space 512K,   0% used [0x04050000, 0x04050000, 0x040d0000)
 tenured generation   total 10944K, used 4167K [0x09150000, 0x09c00000, 0x13c00000)
   the space 10944K,  38% used [0x09150000, 0x09561d70, 0x09561e00, 0x09c00000)
 Metaspace       used 8240K, capacity 8435K, committed 8576K, reserved 8576K
}

Deoptimization events (0 events):
No events

Internal exceptions (10 events):
Event: 0.446 Thread 0x0112bc00 Exception <a 'java/lang/ClassNotFoundException': ToolBar> (0x03ecde80) thrown at [C:\re\workspace\8-2-build-windows-i586-cygwin\jdk8u45\3627\hotspot\src\share\vm\classfile\systemDictionary.cpp, line 210]
Event: 0.446 Thread 0x0112bc00 Exception <a 'java/lang/ClassNotFoundException': ToggleButton> (0x03ece378) thrown at [C:\re\workspace\8-2-build-windows-i586-cygwin\jdk8u45\3627\hotspot\src\share\vm\classfile\systemDictionary.cpp, line 210]
Event: 0.446 Thread 0x0112bc00 Exception <a 'java/lang/ClassNotFoundException': javax/swing/JToolBarSeparator> (0x03ece730) thrown at [C:\re\workspace\8-2-build-windows-i586-cygwin\jdk8u45\3627\hotspot\src\share\vm\classfile\systemDictionary.cpp, line 210]
Event: 0.446 Thread 0x0112bc00 Exception <a 'java/lang/ClassNotFoundException': ToolBarSeparator> (0x03eceb38) thrown at [C:\re\workspace\8-2-build-windows-i586-cygwin\jdk8u45\3627\hotspot\src\share\vm\classfile\systemDictionary.cpp, line 210]
Event: 0.447 Thread 0x0112bc00 Exception <a 'java/lang/ClassNotFoundException': ToolTip> (0x03ecf190) thrown at [C:\re\workspace\8-2-build-windows-i586-cygwin\jdk8u45\3627\hotspot\src\share\vm\classfile\systemDictionary.cpp, line 210]
Event: 0.448 Thread 0x0112bc00 Exception <a 'java/lang/ClassNotFoundException': Tree> (0x03ecfc38) thrown at [C:\re\workspace\8-2-build-windows-i586-cygwin\jdk8u45\3627\hotspot\src\share\vm\classfile\systemDictionary.cpp, line 210]
Event: 0.448 Thread 0x0112bc00 Exception <a 'java/lang/ClassNotFoundException': Tree> (0x03ed0288) thrown at [C:\re\workspace\8-2-build-windows-i586-cygwin\jdk8u45\3627\hotspot\src\share\vm\classfile\systemDictionary.cpp, line 210]
Event: 0.448 Thread 0x0112bc00 Exception <a 'java/lang/ClassNotFoundException': javax/swing/JTreeCell> (0x03ed0570) thrown at [C:\re\workspace\8-2-build-windows-i586-cygwin\jdk8u45\3627\hotspot\src\share\vm\classfile\systemDictionary.cpp, line 210]
Event: 0.448 Thread 0x0112bc00 Exception <a 'java/lang/ClassNotFoundException': TreeCell> (0x03ed0968) thrown at [C:\re\workspace\8-2-build-windows-i586-cygwin\jdk8u45\3627\hotspot\src\share\vm\classfile\systemDictionary.cpp, line 210]
Event: 0.449 Thread 0x0112bc00 Exception <a 'java/lang/ClassNotFoundException': RootPane> (0x03ed1290) thrown at [C:\re\workspace\8-2-build-windows-i586-cygwin\jdk8u45\3627\hotspot\src\share\vm\classfile\systemDictionary.cpp, line 210]

Events (10 events):
Event: 4.036 Thread 0x1413fc00 flushing nmethod 0x01cb00c8
Event: 4.036 Thread 0x1413fc00 flushing nmethod 0x01cb2508
Event: 4.144 Executing VM operation: EnableBiasedLocking
Event: 4.144 Executing VM operation: EnableBiasedLocking done
Event: 4.637 Executing VM operation: GenCollectForAllocation
Event: 4.639 Executing VM operation: GenCollectForAllocation done
Event: 5.223 Executing VM operation: GenCollectForAllocation
Event: 5.224 Executing VM operation: GenCollectForAllocation done
Event: 5.952 Executing VM operation: GenCollectForAllocation
Event: 5.953 Executing VM operation: GenCollectForAllocation done


Dynamic libraries:
0x000c0000 - 0x000f3000 	C:\Program Files\Java\jdk1.8.0_45\jre\bin\java.exe
0x77a70000 - 0x77bac000 	C:\Windows\SYSTEM32\ntdll.dll
0x77990000 - 0x77a64000 	C:\Windows\system32\kernel32.dll
0x75c90000 - 0x75cda000 	C:\Windows\system32\KERNELBASE.dll
0x75fa0000 - 0x76040000 	C:\Windows\system32\ADVAPI32.dll
0x76ef0000 - 0x76f9c000 	C:\Windows\system32\msvcrt.dll
0x77bd0000 - 0x77be9000 	C:\Windows\SYSTEM32\sechost.dll
0x77300000 - 0x773a1000 	C:\Windows\system32\RPCRT4.dll
0x778c0000 - 0x77989000 	C:\Windows\system32\USER32.dll
0x77c10000 - 0x77c5e000 	C:\Windows\system32\GDI32.dll
0x76ee0000 - 0x76eea000 	C:\Windows\system32\LPK.dll
0x777a0000 - 0x7783d000 	C:\Windows\system32\USP10.dll
0x74950000 - 0x74aee000 	C:\Windows\WinSxS\x86_microsoft.windows.common-controls_6595b64144ccf1df_6.0.7601.17514_none_41e6975e2bd6f2b2\COMCTL32.dll
0x76040000 - 0x76097000 	C:\Windows\system32\SHLWAPI.dll
0x77bf0000 - 0x77c0f000 	C:\Windows\system32\IMM32.DLL
0x760a0000 - 0x7616c000 	C:\Windows\system32\MSCTF.dll
0x5bef0000 - 0x5bfaf000 	C:\Program Files\Java\jdk1.8.0_45\jre\bin\msvcr100.dll
0x5b920000 - 0x5bce0000 	C:\Program Files\Java\jdk1.8.0_45\jre\bin\client\jvm.dll
0x751c0000 - 0x751c7000 	C:\Windows\system32\WSOCK32.dll
0x77440000 - 0x77475000 	C:\Windows\system32\WS2_32.dll
0x77bb0000 - 0x77bb6000 	C:\Windows\system32\NSI.dll
0x72a30000 - 0x72a62000 	C:\Windows\system32\WINMM.dll
0x751d0000 - 0x751d9000 	C:\Windows\system32\VERSION.dll
0x77c60000 - 0x77c65000 	C:\Windows\system32\PSAPI.DLL
0x72290000 - 0x7229c000 	C:\Program Files\Java\jdk1.8.0_45\jre\bin\verify.dll
0x642b0000 - 0x642d1000 	C:\Program Files\Java\jdk1.8.0_45\jre\bin\java.dll
0x72270000 - 0x72283000 	C:\Program Files\Java\jdk1.8.0_45\jre\bin\zip.dll
0x76170000 - 0x76dba000 	C:\Windows\system32\SHELL32.dll
0x774d0000 - 0x7762c000 	C:\Windows\system32\ole32.dll
0x75c10000 - 0x75c1b000 	C:\Windows\system32\profapi.dll
0x5b7d0000 - 0x5b915000 	C:\Program Files\Java\jdk1.8.0_45\jre\bin\awt.dll
0x773b0000 - 0x7743f000 	C:\Windows\system32\OLEAUT32.dll
0x747f0000 - 0x74830000 	C:\Windows\system32\uxtheme.dll
0x744c0000 - 0x744d3000 	C:\Windows\system32\dwmapi.dll
0x75b90000 - 0x75b9c000 	C:\Windows\system32\CRYPTBASE.dll
0x63c00000 - 0x63c39000 	C:\Program Files\Java\jdk1.8.0_45\jre\bin\fontmanager.dll
0x65470000 - 0x65633000 	C:\Windows\system32\d3d9.dll
0x734f0000 - 0x734f6000 	C:\Windows\system32\d3d8thk.dll
0x64d00000 - 0x65463000 	C:\Windows\system32\nvd3dum.dll
0x74db0000 - 0x74dd5000 	C:\Windows\system32\powrprof.dll
0x77160000 - 0x772fd000 	C:\Windows\system32\SETUPAPI.dll
0x75d30000 - 0x75d57000 	C:\Windows\system32\CFGMGR32.dll
0x75ce0000 - 0x75cf2000 	C:\Windows\system32\DEVOBJ.dll
0x72250000 - 0x72265000 	C:\Program Files\Java\jdk1.8.0_45\jre\bin\net.dll
0x75680000 - 0x756bc000 	C:\Windows\system32\mswsock.dll
0x75670000 - 0x75676000 	C:\Windows\System32\wship6.dll
0x72240000 - 0x7224f000 	C:\Program Files\Java\jdk1.8.0_45\jre\bin\nio.dll
0x63bd0000 - 0x63c00000 	C:\Program Files\Java\jdk1.8.0_45\jre\bin\t2k.dll
0x63b30000 - 0x63b54000 	C:\Program Files\Java\jdk1.8.0_45\jre\bin\dcpr.dll
0x71fe0000 - 0x720cb000 	C:\Windows\system32\dbghelp.dll

VM Arguments:
jvm_args: -Dfile.encoding=UTF-8 
java_command: codgio.VentanaDibujo
java_class_path (initial): C:\Program Files\NetBeans 8.0.2\java\modules\ext\AbsoluteLayout.jar;D:\Alejandro Dietta 1ºDAM\2EVALUACION\NetBeansProject\Paint2-master\build\classes
Launcher Type: SUN_STANDARD

Environment Variables:
PATH=C:\ProgramData\Oracle\Java\javapath;C:\Windows\system32;C:\Windows;C:\Windows\System32\Wbem;C:\Windows\System32\WindowsPowerShell\v1.0\;C:\Program Files\Microsoft SQL Server\110\Tools\Binn\;C:\Program Files\Microsoft\Web Platform Installer\;C:\Program Files\MySQL\MySQL Fabric 1.5 & MySQL Utilities 1.5\;C:\Program Files\MySQL\MySQL Fabric 1.5 & MySQL Utilities 1.5\Doctrine extensions for PHP\
USERNAME=Administrator
OS=Windows_NT
PROCESSOR_IDENTIFIER=x86 Family 6 Model 23 Stepping 6, GenuineIntel



---------------  S Y S T E M  ---------------

OS: Windows 7 Build 7601 (6.1.7601.17514)

CPU:total 2 (2 cores per cpu, 1 threads per core) family 6 model 23 stepping 6, cmov, cx8, fxsr, mmx, sse, sse2, sse3, ssse3, sse4.1, tsc

Memory: 4k page, physical 2096508k(903908k free), swap 4193016k(1828040k free)

vm_info: Java HotSpot(TM) Client VM (25.45-b02) for windows-x86 JRE (1.8.0_45-b15), built on Apr 30 2015 12:31:00 by "java_re" with MS VC++ 10.0 (VS2010)

time: Thu Feb 11 18:15:30 2016
elapsed time: 6 seconds (0d 0h 0m 6s)

