#
# A fatal error has been detected by the Java Runtime Environment:
#
#  EXCEPTION_ACCESS_VIOLATION (0xc0000005) at pc=0x644cb252, pid=3148, tid=3528
#
# JRE version: Java(TM) SE Runtime Environment (8.0_45-b15) (build 1.8.0_45-b15)
# Java VM: Java HotSpot(TM) Client VM (25.45-b02 mixed mode windows-x86 )
# Problematic frame:
# C  [nvd3dum.dll+0x29b252]
#
# Failed to write core dump. Minidumps are not enabled by default on client versions of Windows
#
# If you would like to submit a bug report, please visit:
#   http://bugreport.java.com/bugreport/crash.jsp
# The crash happened outside the Java Virtual Machine in native code.
# See problematic frame for where to report the bug.
#

---------------  T H R E A D  ---------------

Current thread (0x145fc400):  JavaThread "AWT-Windows" daemon [_thread_in_native, id=3528, stack(0x149e0000,0x14a30000)]

siginfo: ExceptionCode=0xc0000005, writing address 0x011d8004

Registers:
EAX=0x011d8000, EBX=0x153f9380, ECX=0x00000000, EDX=0x0000017a
ESP=0x14a2edd8, EBP=0x14a2ede4, ESI=0x153f9390, EDI=0x00001001
EIP=0x644cb252, EFLAGS=0x00010202

Top of Stack: (sp=0x14a2edd8)
0x14a2edd8:   15350800 00000004 15352f4c 14a2ee04
0x14a2ede8:   644811d8 153f9380 15350800 00000000
0x14a2edf8:   171c03ec 00000000 00000000 14a2ee30
0x14a2ee08:   644b93c1 153c17c0 153f9700 00000000
0x14a2ee18:   00000000 00000000 171c03ec 171c0040
0x14a2ee28:   00000000 00000000 14a2ee58 64ab7c49
0x14a2ee38:   15350800 171c03ec 00000040 00000000
0x14a2ee48:   171c0040 0000001f 00000000 0000016c 

Instructions: (pc=0x644cb252)
0x644cb232:   60 85 01 00 8d 04 b0 8b b3 f0 00 00 00 8b 46 1c
0x644cb242:   57 8b 7e 28 8d 0c 7f 8d 04 c8 33 c9 47 89 7e 28
0x644cb252:   89 48 04 89 48 08 89 48 0c 89 48 10 89 48 14 89
0x644cb262:   08 8b 48 04 33 ca 81 e1 ff ff ff 00 31 48 04 8b 


Register to memory mapping:

EAX=0x011d8000 is an unknown value
EBX=0x153f9380 is an unknown value
ECX=0x00000000 is an unknown value
EDX=0x0000017a is an unknown value
ESP=0x14a2edd8 is pointing into the stack for thread: 0x145fc400
EBP=0x14a2ede4 is pointing into the stack for thread: 0x145fc400
ESI=0x153f9390 is an unknown value
EDI=0x00001001 is an unknown value


Stack: [0x149e0000,0x14a30000],  sp=0x14a2edd8,  free space=315k
Native frames: (J=compiled Java code, j=interpreted, Vv=VM code, C=native code)
C  [nvd3dum.dll+0x29b252]
C  [nvd3dum.dll+0x2511d8]
C  [nvd3dum.dll+0x2893c1]
C  [d3d9.dll+0x117c49]
C  [d3d9.dll+0x11952a]
C  [d3d9.dll+0xb0f74]
C  [d3d9.dll+0x6aee7]
C  [d3d9.dll+0x362e2]
C  [d3d9.dll+0x36ad4]
C  [awt.dll+0x14b8f]

Java frames: (J=compiled Java code, j=interpreted, Vv=VM code)
j  sun.awt.windows.WToolkit.eventLoop()V+0
j  sun.awt.windows.WToolkit.run()V+58
j  java.lang.Thread.run()V+11
v  ~StubRoutines::call_stub

---------------  P R O C E S S  ---------------

Java Threads: ( => current thread )
  0x14e39400 JavaThread "D3D Screen Updater" daemon [_thread_blocked, id=3212, stack(0x151b0000,0x15200000)]
  0x14c99000 JavaThread "TimerQueue" daemon [_thread_blocked, id=1180, stack(0x14660000,0x146b0000)]
  0x019abc00 JavaThread "DestroyJavaVM" [_thread_blocked, id=172, stack(0x019b0000,0x01a00000)]
  0x1465d400 JavaThread "AWT-EventQueue-0" [_thread_blocked, id=2864, stack(0x15020000,0x15070000)]
=>0x145fc400 JavaThread "AWT-Windows" daemon [_thread_in_native, id=3528, stack(0x149e0000,0x14a30000)]
  0x145fbc00 JavaThread "AWT-Shutdown" [_thread_blocked, id=1672, stack(0x14900000,0x14950000)]
  0x145f6c00 JavaThread "Java2D Disposer" daemon [_thread_in_native, id=3520, stack(0x148a0000,0x148f0000)]
  0x144b6400 JavaThread "Service Thread" daemon [_thread_blocked, id=2780, stack(0x01ad0000,0x01b20000)]
  0x144afc00 JavaThread "C1 CompilerThread0" daemon [_thread_blocked, id=1912, stack(0x146c0000,0x14710000)]
  0x144ad800 JavaThread "Attach Listener" daemon [_thread_blocked, id=2660, stack(0x03ed0000,0x03f20000)]
  0x144aac00 JavaThread "Signal Dispatcher" daemon [_thread_blocked, id=3468, stack(0x01a00000,0x01a50000)]
  0x14475800 JavaThread "Finalizer" daemon [_thread_blocked, id=1988, stack(0x01920000,0x01970000)]
  0x1446f800 JavaThread "Reference Handler" daemon [_thread_blocked, id=3236, stack(0x01a50000,0x01aa0000)]

Other Threads:
  0x1446d400 VMThread [stack: 0x03e50000,0x03ea0000] [id=3832]
  0x144b7000 WatcherThread [stack: 0x147d0000,0x14820000] [id=2856]

VM state:not at safepoint (normal execution)

VM Mutex/Monitor currently owned by a thread: None

Heap:
 def new generation   total 4928K, used 284K [0x04000000, 0x04550000, 0x09550000)
  eden space 4416K,   4% used [0x04000000, 0x04031848, 0x04450000)
  from space 512K,  16% used [0x04450000, 0x04465a20, 0x044d0000)
  to   space 512K,   0% used [0x044d0000, 0x044d0000, 0x04550000)
 tenured generation   total 10944K, used 4168K [0x09550000, 0x0a000000, 0x14000000)
   the space 10944K,  38% used [0x09550000, 0x09962238, 0x09962400, 0x0a000000)
 Metaspace       used 8258K, capacity 8467K, committed 8576K, reserved 8576K

Card table byte_map: [0x01320000,0x013b0000] byte_map_base: 0x01300000

Polling page: 0x00470000

CodeCache: size=32768Kb used=2100Kb max_used=2100Kb free=30667Kb
 bounds [0x01e40000, 0x02050000, 0x03e40000]
 total_blobs=1371 nmethods=1131 adapters=171
 compilation: enabled

Compilation events (10 events):
Event: 9.623 Thread 0x144afc00 1132             java.util.concurrent.locks.ReentrantLock$Sync::isHeldExclusively (16 bytes)
Event: 9.623 Thread 0x144afc00 nmethod 1132 0x0204c9c8 code [0x0204cac0, 0x0204cb60]
Event: 9.867 Thread 0x144afc00 1133             java.util.IdentityHashMap::get (60 bytes)
Event: 9.868 Thread 0x144afc00 nmethod 1133 0x0204cbc8 code [0x0204ccd0, 0x0204ce0c]
Event: 9.926 Thread 0x144afc00 1134             java.nio.Buffer::clear (20 bytes)
Event: 9.927 Thread 0x144afc00 nmethod 1134 0x0204cf48 code [0x0204d040, 0x0204d0d0]
Event: 9.958 Thread 0x144afc00 1135             sun.java2d.SurfaceData::getStateTracker (8 bytes)
Event: 9.958 Thread 0x144afc00 nmethod 1135 0x0204d108 code [0x0204d210, 0x0204d2ac]
Event: 9.958 Thread 0x144afc00 1136             sun.java2d.StateTrackableDelegate$1::<init> (10 bytes)
Event: 9.958 Thread 0x144afc00 nmethod 1136 0x0204d348 code [0x0204d440, 0x0204d4d0]

GC Heap History (10 events):
Event: 7.625 GC heap before
{Heap before GC invocations=9 (full 0):
 def new generation   total 4928K, used 4505K [0x04000000, 0x04550000, 0x09550000)
  eden space 4416K, 100% used [0x04000000, 0x04450000, 0x04450000)
  from space 512K,  17% used [0x044d0000, 0x044e6578, 0x04550000)
  to   space 512K,   0% used [0x04450000, 0x04450000, 0x044d0000)
 tenured generation   total 10944K, used 4168K [0x09550000, 0x0a000000, 0x14000000)
   the space 10944K,  38% used [0x09550000, 0x09962238, 0x09962400, 0x0a000000)
 Metaspace       used 8258K, capacity 8467K, committed 8576K, reserved 8576K
Event: 7.627 GC heap after
Heap after GC invocations=10 (full 0):
 def new generation   total 4928K, used 84K [0x04000000, 0x04550000, 0x09550000)
  eden space 4416K,   0% used [0x04000000, 0x04000000, 0x04450000)
  from space 512K,  16% used [0x04450000, 0x04465288, 0x044d0000)
  to   space 512K,   0% used [0x044d0000, 0x044d0000, 0x04550000)
 tenured generation   total 10944K, used 4168K [0x09550000, 0x0a000000, 0x14000000)
   the space 10944K,  38% used [0x09550000, 0x09962238, 0x09962400, 0x0a000000)
 Metaspace       used 8258K, capacity 8467K, committed 8576K, reserved 8576K
}
Event: 8.139 GC heap before
{Heap before GC invocations=10 (full 0):
 def new generation   total 4928K, used 4500K [0x04000000, 0x04550000, 0x09550000)
  eden space 4416K, 100% used [0x04000000, 0x04450000, 0x04450000)
  from space 512K,  16% used [0x04450000, 0x04465288, 0x044d0000)
  to   space 512K,   0% used [0x044d0000, 0x044d0000, 0x04550000)
 tenured generation   total 10944K, used 4168K [0x09550000, 0x0a000000, 0x14000000)
   the space 10944K,  38% used [0x09550000, 0x09962238, 0x09962400, 0x0a000000)
 Metaspace       used 8258K, capacity 8467K, committed 8576K, reserved 8576K
Event: 8.140 GC heap after
Heap after GC invocations=11 (full 0):
 def new generation   total 4928K, used 85K [0x04000000, 0x04550000, 0x09550000)
  eden space 4416K,   0% used [0x04000000, 0x04000000, 0x04450000)
  from space 512K,  16% used [0x044d0000, 0x044e54d8, 0x04550000)
  to   space 512K,   0% used [0x04450000, 0x04450000, 0x044d0000)
 tenured generation   total 10944K, used 4168K [0x09550000, 0x0a000000, 0x14000000)
   the space 10944K,  38% used [0x09550000, 0x09962238, 0x09962400, 0x0a000000)
 Metaspace       used 8258K, capacity 8467K, committed 8576K, reserved 8576K
}
Event: 8.704 GC heap before
{Heap before GC invocations=11 (full 0):
 def new generation   total 4928K, used 4501K [0x04000000, 0x04550000, 0x09550000)
  eden space 4416K, 100% used [0x04000000, 0x04450000, 0x04450000)
  from space 512K,  16% used [0x044d0000, 0x044e54d8, 0x04550000)
  to   space 512K,   0% used [0x04450000, 0x04450000, 0x044d0000)
 tenured generation   total 10944K, used 4168K [0x09550000, 0x0a000000, 0x14000000)
   the space 10944K,  38% used [0x09550000, 0x09962238, 0x09962400, 0x0a000000)
 Metaspace       used 8258K, capacity 8467K, committed 8576K, reserved 8576K
Event: 8.705 GC heap after
Heap after GC invocations=12 (full 0):
 def new generation   total 4928K, used 91K [0x04000000, 0x04550000, 0x09550000)
  eden space 4416K,   0% used [0x04000000, 0x04000000, 0x04450000)
  from space 512K,  17% used [0x04450000, 0x04466f90, 0x044d0000)
  to   space 512K,   0% used [0x044d0000, 0x044d0000, 0x04550000)
 tenured generation   total 10944K, used 4168K [0x09550000, 0x0a000000, 0x14000000)
   the space 10944K,  38% used [0x09550000, 0x09962238, 0x09962400, 0x0a000000)
 Metaspace       used 8258K, capacity 8467K, committed 8576K, reserved 8576K
}
Event: 9.481 GC heap before
{Heap before GC invocations=12 (full 0):
 def new generation   total 4928K, used 4507K [0x04000000, 0x04550000, 0x09550000)
  eden space 4416K, 100% used [0x04000000, 0x04450000, 0x04450000)
  from space 512K,  17% used [0x04450000, 0x04466f90, 0x044d0000)
  to   space 512K,   0% used [0x044d0000, 0x044d0000, 0x04550000)
 tenured generation   total 10944K, used 4168K [0x09550000, 0x0a000000, 0x14000000)
   the space 10944K,  38% used [0x09550000, 0x09962238, 0x09962400, 0x0a000000)
 Metaspace       used 8258K, capacity 8467K, committed 8576K, reserved 8576K
Event: 9.482 GC heap after
Heap after GC invocations=13 (full 0):
 def new generation   total 4928K, used 86K [0x04000000, 0x04550000, 0x09550000)
  eden space 4416K,   0% used [0x04000000, 0x04000000, 0x04450000)
  from space 512K,  16% used [0x044d0000, 0x044e5a20, 0x04550000)
  to   space 512K,   0% used [0x04450000, 0x04450000, 0x044d0000)
 tenured generation   total 10944K, used 4168K [0x09550000, 0x0a000000, 0x14000000)
   the space 10944K,  38% used [0x09550000, 0x09962238, 0x09962400, 0x0a000000)
 Metaspace       used 8258K, capacity 8467K, committed 8576K, reserved 8576K
}
Event: 10.029 GC heap before
{Heap before GC invocations=13 (full 0):
 def new generation   total 4928K, used 4502K [0x04000000, 0x04550000, 0x09550000)
  eden space 4416K, 100% used [0x04000000, 0x04450000, 0x04450000)
  from space 512K,  16% used [0x044d0000, 0x044e5a20, 0x04550000)
  to   space 512K,   0% used [0x04450000, 0x04450000, 0x044d0000)
 tenured generation   total 10944K, used 4168K [0x09550000, 0x0a000000, 0x14000000)
   the space 10944K,  38% used [0x09550000, 0x09962238, 0x09962400, 0x0a000000)
 Metaspace       used 8258K, capacity 8467K, committed 8576K, reserved 8576K
Event: 10.031 GC heap after
Heap after GC invocations=14 (full 0):
 def new generation   total 4928K, used 86K [0x04000000, 0x04550000, 0x09550000)
  eden space 4416K,   0% used [0x04000000, 0x04000000, 0x04450000)
  from space 512K,  16% used [0x04450000, 0x04465a20, 0x044d0000)
  to   space 512K,   0% used [0x044d0000, 0x044d0000, 0x04550000)
 tenured generation   total 10944K, used 4168K [0x09550000, 0x0a000000, 0x14000000)
   the space 10944K,  38% used [0x09550000, 0x09962238, 0x09962400, 0x0a000000)
 Metaspace       used 8258K, capacity 8467K, committed 8576K, reserved 8576K
}

Deoptimization events (0 events):
No events

Internal exceptions (10 events):
Event: 0.382 Thread 0x019abc00 Exception <a 'java/lang/ClassNotFoundException': ToolBar> (0x042e7f10) thrown at [C:\re\workspace\8-2-build-windows-i586-cygwin\jdk8u45\3627\hotspot\src\share\vm\classfile\systemDictionary.cpp, line 210]
Event: 0.382 Thread 0x019abc00 Exception <a 'java/lang/ClassNotFoundException': ToggleButton> (0x042e8408) thrown at [C:\re\workspace\8-2-build-windows-i586-cygwin\jdk8u45\3627\hotspot\src\share\vm\classfile\systemDictionary.cpp, line 210]
Event: 0.383 Thread 0x019abc00 Exception <a 'java/lang/ClassNotFoundException': javax/swing/JToolBarSeparator> (0x042e87c0) thrown at [C:\re\workspace\8-2-build-windows-i586-cygwin\jdk8u45\3627\hotspot\src\share\vm\classfile\systemDictionary.cpp, line 210]
Event: 0.383 Thread 0x019abc00 Exception <a 'java/lang/ClassNotFoundException': ToolBarSeparator> (0x042e8bc8) thrown at [C:\re\workspace\8-2-build-windows-i586-cygwin\jdk8u45\3627\hotspot\src\share\vm\classfile\systemDictionary.cpp, line 210]
Event: 0.383 Thread 0x019abc00 Exception <a 'java/lang/ClassNotFoundException': ToolTip> (0x042e9238) thrown at [C:\re\workspace\8-2-build-windows-i586-cygwin\jdk8u45\3627\hotspot\src\share\vm\classfile\systemDictionary.cpp, line 210]
Event: 0.384 Thread 0x019abc00 Exception <a 'java/lang/ClassNotFoundException': Tree> (0x042e9cd0) thrown at [C:\re\workspace\8-2-build-windows-i586-cygwin\jdk8u45\3627\hotspot\src\share\vm\classfile\systemDictionary.cpp, line 210]
Event: 0.384 Thread 0x019abc00 Exception <a 'java/lang/ClassNotFoundException': Tree> (0x042ea320) thrown at [C:\re\workspace\8-2-build-windows-i586-cygwin\jdk8u45\3627\hotspot\src\share\vm\classfile\systemDictionary.cpp, line 210]
Event: 0.384 Thread 0x019abc00 Exception <a 'java/lang/ClassNotFoundException': javax/swing/JTreeCell> (0x042ea608) thrown at [C:\re\workspace\8-2-build-windows-i586-cygwin\jdk8u45\3627\hotspot\src\share\vm\classfile\systemDictionary.cpp, line 210]
Event: 0.384 Thread 0x019abc00 Exception <a 'java/lang/ClassNotFoundException': TreeCell> (0x042eaa00) thrown at [C:\re\workspace\8-2-build-windows-i586-cygwin\jdk8u45\3627\hotspot\src\share\vm\classfile\systemDictionary.cpp, line 210]
Event: 0.385 Thread 0x019abc00 Exception <a 'java/lang/ClassNotFoundException': RootPane> (0x042eb328) thrown at [C:\re\workspace\8-2-build-windows-i586-cygwin\jdk8u45\3627\hotspot\src\share\vm\classfile\systemDictionary.cpp, line 210]

Events (10 events):
Event: 7.625 Executing VM operation: GenCollectForAllocation
Event: 7.627 Executing VM operation: GenCollectForAllocation done
Event: 8.139 Executing VM operation: GenCollectForAllocation
Event: 8.140 Executing VM operation: GenCollectForAllocation done
Event: 8.704 Executing VM operation: GenCollectForAllocation
Event: 8.705 Executing VM operation: GenCollectForAllocation done
Event: 9.481 Executing VM operation: GenCollectForAllocation
Event: 9.482 Executing VM operation: GenCollectForAllocation done
Event: 10.029 Executing VM operation: GenCollectForAllocation
Event: 10.031 Executing VM operation: GenCollectForAllocation done


Dynamic libraries:
0x011e0000 - 0x01213000 	C:\Program Files\Java\jdk1.8.0_45\jre\bin\java.exe
0x779b0000 - 0x77aec000 	C:\Windows\SYSTEM32\ntdll.dll
0x75f90000 - 0x76064000 	C:\Windows\system32\kernel32.dll
0x75e00000 - 0x75e4a000 	C:\Windows\system32\KERNELBASE.dll
0x76c30000 - 0x76cd0000 	C:\Windows\system32\ADVAPI32.dll
0x76410000 - 0x764bc000 	C:\Windows\system32\msvcrt.dll
0x76690000 - 0x766a9000 	C:\Windows\SYSTEM32\sechost.dll
0x765e0000 - 0x76681000 	C:\Windows\system32\RPCRT4.dll
0x76220000 - 0x762e9000 	C:\Windows\system32\USER32.dll
0x77b90000 - 0x77bde000 	C:\Windows\system32\GDI32.dll
0x75f80000 - 0x75f8a000 	C:\Windows\system32\LPK.dll
0x76a30000 - 0x76acd000 	C:\Windows\system32\USP10.dll
0x74880000 - 0x74a1e000 	C:\Windows\WinSxS\x86_microsoft.windows.common-controls_6595b64144ccf1df_6.0.7601.17514_none_41e6975e2bd6f2b2\COMCTL32.dll
0x76870000 - 0x768c7000 	C:\Windows\system32\SHLWAPI.dll
0x75f60000 - 0x75f7f000 	C:\Windows\system32\IMM32.DLL
0x75e90000 - 0x75f5c000 	C:\Windows\system32\MSCTF.dll
0x63ef0000 - 0x63faf000 	C:\Program Files\Java\jdk1.8.0_45\jre\bin\msvcr100.dll
0x63400000 - 0x637c0000 	C:\Program Files\Java\jdk1.8.0_45\jre\bin\client\jvm.dll
0x75100000 - 0x75107000 	C:\Windows\system32\WSOCK32.dll
0x75e50000 - 0x75e85000 	C:\Windows\system32\WS2_32.dll
0x77af0000 - 0x77af6000 	C:\Windows\system32\NSI.dll
0x72840000 - 0x72872000 	C:\Windows\system32\WINMM.dll
0x75110000 - 0x75119000 	C:\Windows\system32\VERSION.dll
0x76070000 - 0x76075000 	C:\Windows\system32\PSAPI.DLL
0x64b80000 - 0x64b8c000 	C:\Program Files\Java\jdk1.8.0_45\jre\bin\verify.dll
0x63ec0000 - 0x63ee1000 	C:\Program Files\Java\jdk1.8.0_45\jre\bin\java.dll
0x63ea0000 - 0x63eb3000 	C:\Program Files\Java\jdk1.8.0_45\jre\bin\zip.dll
0x76cd0000 - 0x7791a000 	C:\Windows\system32\SHELL32.dll
0x76ad0000 - 0x76c2c000 	C:\Windows\system32\ole32.dll
0x75b50000 - 0x75b5b000 	C:\Windows\system32\profapi.dll
0x63d10000 - 0x63e55000 	C:\Program Files\Java\jdk1.8.0_45\jre\bin\awt.dll
0x77920000 - 0x779af000 	C:\Windows\system32\OLEAUT32.dll
0x74700000 - 0x74740000 	C:\Windows\system32\uxtheme.dll
0x74410000 - 0x74423000 	C:\Windows\system32\dwmapi.dll
0x75ad0000 - 0x75adc000 	C:\Windows\system32\CRYPTBASE.dll
0x64070000 - 0x640a9000 	C:\Program Files\Java\jdk1.8.0_45\jre\bin\fontmanager.dll
0x649a0000 - 0x64b63000 	C:\Windows\system32\d3d9.dll
0x72e40000 - 0x72e46000 	C:\Windows\system32\d3d8thk.dll
0x64230000 - 0x64993000 	C:\Windows\system32\nvd3dum.dll
0x74b60000 - 0x74b85000 	C:\Windows\system32\powrprof.dll
0x76080000 - 0x7621d000 	C:\Windows\system32\SETUPAPI.dll
0x75cb0000 - 0x75cd7000 	C:\Windows\system32\CFGMGR32.dll
0x75c00000 - 0x75c12000 	C:\Windows\system32\DEVOBJ.dll
0x63ff0000 - 0x64005000 	C:\Program Files\Java\jdk1.8.0_45\jre\bin\net.dll
0x755c0000 - 0x755fc000 	C:\Windows\system32\mswsock.dll
0x755b0000 - 0x755b6000 	C:\Windows\System32\wship6.dll
0x63e60000 - 0x63e6f000 	C:\Program Files\Java\jdk1.8.0_45\jre\bin\nio.dll
0x64040000 - 0x64070000 	C:\Program Files\Java\jdk1.8.0_45\jre\bin\t2k.dll
0x64bd0000 - 0x64bf4000 	C:\Program Files\Java\jdk1.8.0_45\jre\bin\dcpr.dll
0x71e30000 - 0x71f1b000 	C:\Windows\system32\dbghelp.dll

VM Arguments:
jvm_args: -Dfile.encoding=UTF-8 
java_command: codgio.VentanaDibujo
java_class_path (initial): C:\Program Files\NetBeans 8.0.2\java\modules\ext\AbsoluteLayout.jar;D:\Alejandro Dietta 1ºDAM\2EVALUACION\NetBeansProject\Paint2-master\build\classes
Launcher Type: SUN_STANDARD

Environment Variables:
PATH=C:\ProgramData\Oracle\Java\javapath;C:\Windows\system32;C:\Windows;C:\Windows\System32\Wbem;C:\Windows\System32\WindowsPowerShell\v1.0\;C:\Program Files\Microsoft SQL Server\110\Tools\Binn\;C:\Program Files\Microsoft\Web Platform Installer\;C:\Program Files\MySQL\MySQL Fabric 1.5 & MySQL Utilities 1.5\;C:\Program Files\MySQL\MySQL Fabric 1.5 & MySQL Utilities 1.5\Doctrine extensions for PHP\
USERNAME=Administrator
OS=Windows_NT
PROCESSOR_IDENTIFIER=x86 Family 6 Model 23 Stepping 6, GenuineIntel



---------------  S Y S T E M  ---------------

OS: Windows 7 Build 7601 (6.1.7601.17514)

CPU:total 2 (2 cores per cpu, 1 threads per core) family 6 model 23 stepping 6, cmov, cx8, fxsr, mmx, sse, sse2, sse3, ssse3, sse4.1, tsc

Memory: 4k page, physical 2096508k(698856k free), swap 4193016k(1670896k free)

vm_info: Java HotSpot(TM) Client VM (25.45-b02) for windows-x86 JRE (1.8.0_45-b15), built on Apr 30 2015 12:31:00 by "java_re" with MS VC++ 10.0 (VS2010)

time: Fri Feb 12 18:39:18 2016
elapsed time: 10 seconds (0d 0h 0m 10s)

