#
# A fatal error has been detected by the Java Runtime Environment:
#
#  EXCEPTION_ACCESS_VIOLATION (0xc0000005) at pc=0x644cb252, pid=3316, tid=3428
#
# JRE version: Java(TM) SE Runtime Environment (8.0_45-b15) (build 1.8.0_45-b15)
# Java VM: Java HotSpot(TM) Client VM (25.45-b02 mixed mode windows-x86 )
# Problematic frame:
# C  [nvd3dum.dll+0x29b252]
#
# Failed to write core dump. Minidumps are not enabled by default on client versions of Windows
#
# If you would like to submit a bug report, please visit:
#   http://bugreport.java.com/bugreport/crash.jsp
# The crash happened outside the Java Virtual Machine in native code.
# See problematic frame for where to report the bug.
#

---------------  T H R E A D  ---------------

Current thread (0x1428d800):  JavaThread "AWT-Windows" daemon [_thread_in_native, id=3428, stack(0x14910000,0x14960000)]

siginfo: ExceptionCode=0xc0000005, writing address 0x01648004

Registers:
EAX=0x01648000, EBX=0x15309380, ECX=0x00000000, EDX=0x0000017a
ESP=0x1495ec58, EBP=0x1495ec64, ESI=0x15309390, EDI=0x00001001
EIP=0x644cb252, EFLAGS=0x00010202

Top of Stack: (sp=0x1495ec58)
0x1495ec58:   15260800 00000004 15262f4c 1495ec84
0x1495ec68:   644811d8 15309380 15260800 00000000
0x1495ec78:   170d03ec 00000000 00000000 1495ecb0
0x1495ec88:   644b93c1 152d17c0 15309700 00000000
0x1495ec98:   00000000 00000000 170d03ec 170d0040
0x1495eca8:   00000000 00000000 1495ecd8 64ab7c49
0x1495ecb8:   15260800 170d03ec 00000040 00000000
0x1495ecc8:   170d0040 0000001f 00000000 0000016c 

Instructions: (pc=0x644cb252)
0x644cb232:   60 85 01 00 8d 04 b0 8b b3 f0 00 00 00 8b 46 1c
0x644cb242:   57 8b 7e 28 8d 0c 7f 8d 04 c8 33 c9 47 89 7e 28
0x644cb252:   89 48 04 89 48 08 89 48 0c 89 48 10 89 48 14 89
0x644cb262:   08 8b 48 04 33 ca 81 e1 ff ff ff 00 31 48 04 8b 


Register to memory mapping:

EAX=0x01648000 is an unknown value
EBX=0x15309380 is an unknown value
ECX=0x00000000 is an unknown value
EDX=0x0000017a is an unknown value
ESP=0x1495ec58 is pointing into the stack for thread: 0x1428d800
EBP=0x1495ec64 is pointing into the stack for thread: 0x1428d800
ESI=0x15309390 is an unknown value
EDI=0x00001001 is an unknown value


Stack: [0x14910000,0x14960000],  sp=0x1495ec58,  free space=315k
Native frames: (J=compiled Java code, j=interpreted, Vv=VM code, C=native code)
C  [nvd3dum.dll+0x29b252]
C  [nvd3dum.dll+0x2511d8]
C  [nvd3dum.dll+0x2893c1]
C  [d3d9.dll+0x117c49]
C  [d3d9.dll+0x11952a]
C  [d3d9.dll+0xb0f74]
C  [d3d9.dll+0x6aee7]
C  [d3d9.dll+0x362e2]
C  [d3d9.dll+0x36ad4]
C  [awt.dll+0x14b8f]

Java frames: (J=compiled Java code, j=interpreted, Vv=VM code)
j  sun.awt.windows.WToolkit.eventLoop()V+0
j  sun.awt.windows.WToolkit.run()V+58
j  java.lang.Thread.run()V+11
v  ~StubRoutines::call_stub

---------------  P R O C E S S  ---------------

Java Threads: ( => current thread )
  0x14d69400 JavaThread "D3D Screen Updater" daemon [_thread_blocked, id=2536, stack(0x151d0000,0x15220000)]
  0x14bb9000 JavaThread "TimerQueue" daemon [_thread_blocked, id=3488, stack(0x17560000,0x175b0000)]
  0x0180bc00 JavaThread "DestroyJavaVM" [_thread_blocked, id=2916, stack(0x01860000,0x018b0000)]
  0x14b44400 JavaThread "AWT-EventQueue-0" [_thread_blocked, id=3360, stack(0x15080000,0x150d0000)]
=>0x1428d800 JavaThread "AWT-Windows" daemon [_thread_in_native, id=3428, stack(0x14910000,0x14960000)]
  0x1428ac00 JavaThread "AWT-Shutdown" [_thread_blocked, id=312, stack(0x145f0000,0x14640000)]
  0x14285c00 JavaThread "Java2D Disposer" daemon [_thread_in_native, id=1620, stack(0x147f0000,0x14840000)]
  0x14146400 JavaThread "Service Thread" daemon [_thread_blocked, id=4036, stack(0x01810000,0x01860000)]
  0x1413fc00 JavaThread "C1 CompilerThread0" daemon [_thread_blocked, id=3524, stack(0x14650000,0x146a0000)]
  0x1413d400 JavaThread "Attach Listener" daemon [_thread_blocked, id=2936, stack(0x142f0000,0x14340000)]
  0x1413ac00 JavaThread "Signal Dispatcher" daemon [_thread_blocked, id=3328, stack(0x14550000,0x145a0000)]
  0x14102000 JavaThread "Finalizer" daemon [_thread_blocked, id=3116, stack(0x14450000,0x144a0000)]
  0x140ff800 JavaThread "Reference Handler" daemon [_thread_blocked, id=3816, stack(0x144e0000,0x14530000)]

Other Threads:
  0x140fd400 VMThread [stack: 0x143c0000,0x14410000] [id=2576]
  0x14147400 WatcherThread [stack: 0x14780000,0x147d0000] [id=596]

VM state:not at safepoint (normal execution)

VM Mutex/Monitor currently owned by a thread: None

Heap:
 def new generation   total 4928K, used 229K [0x03c00000, 0x04150000, 0x09150000)
  eden space 4416K,   4% used [0x03c00000, 0x03c2d6f8, 0x04050000)
  from space 512K,   9% used [0x04050000, 0x0405be10, 0x040d0000)
  to   space 512K,   0% used [0x040d0000, 0x040d0000, 0x04150000)
 tenured generation   total 10944K, used 4215K [0x09150000, 0x09c00000, 0x13c00000)
   the space 10944K,  38% used [0x09150000, 0x0956dcf8, 0x0956de00, 0x09c00000)
 Metaspace       used 8257K, capacity 8467K, committed 8576K, reserved 8576K

Card table byte_map: [0x13c00000,0x13c90000] byte_map_base: 0x13be2000

Polling page: 0x00190000

CodeCache: size=32768Kb used=2173Kb max_used=2173Kb free=30594Kb
 bounds [0x01b80000, 0x01da0000, 0x03b80000]
 total_blobs=1434 nmethods=1194 adapters=171
 compilation: enabled

Compilation events (10 events):
Event: 16.775 Thread 0x1413fc00 1194             sun.reflect.UnsafeBooleanFieldAccessorImpl::setBoolean (30 bytes)
Event: 16.775 Thread 0x1413fc00 nmethod 1194 0x01d9e0c8 code [0x01d9e220, 0x01d9e4a8]
Event: 16.999 Thread 0x1413fc00 1196             javax.swing.JComponent::getGraphics (33 bytes)
Event: 17.000 Thread 0x1413fc00 nmethod 1196 0x01d9e848 code [0x01d9e970, 0x01d9eab0]
Event: 17.132 Thread 0x1413fc00 1197   !         java.awt.EventQueue::getNextEvent (84 bytes)
Event: 17.132 Thread 0x1413fc00 nmethod 1197 0x01d9ebc8 code [0x01d9ed40, 0x01d9ef7c]
Event: 17.323 Thread 0x1413fc00 1198             java.awt.Window::getBackground (5 bytes)
Event: 17.324 Thread 0x1413fc00 nmethod 1198 0x01d9f288 code [0x01d9f390, 0x01d9f45c]
Event: 17.466 Thread 0x1413fc00 1199  s          java.io.BufferedOutputStream::write (67 bytes)
Event: 17.466 Thread 0x1413fc00 nmethod 1199 0x01d9f4c8 code [0x01d9f600, 0x01d9f990]

GC Heap History (10 events):
Event: 14.290 GC heap before
{Heap before GC invocations=15 (full 0):
 def new generation   total 4928K, used 4500K [0x03c00000, 0x04150000, 0x09150000)
  eden space 4416K, 100% used [0x03c00000, 0x04050000, 0x04050000)
  from space 512K,  16% used [0x040d0000, 0x040e5210, 0x04150000)
  to   space 512K,   0% used [0x04050000, 0x04050000, 0x040d0000)
 tenured generation   total 10944K, used 4167K [0x09150000, 0x09c00000, 0x13c00000)
   the space 10944K,  38% used [0x09150000, 0x09561dd0, 0x09561e00, 0x09c00000)
 Metaspace       used 8257K, capacity 8467K, committed 8576K, reserved 8576K
Event: 14.291 GC heap after
Heap after GC invocations=16 (full 0):
 def new generation   total 4928K, used 94K [0x03c00000, 0x04150000, 0x09150000)
  eden space 4416K,   0% used [0x03c00000, 0x03c00000, 0x04050000)
  from space 512K,  18% used [0x04050000, 0x04067928, 0x040d0000)
  to   space 512K,   0% used [0x040d0000, 0x040d0000, 0x04150000)
 tenured generation   total 10944K, used 4167K [0x09150000, 0x09c00000, 0x13c00000)
   the space 10944K,  38% used [0x09150000, 0x09561dd0, 0x09561e00, 0x09c00000)
 Metaspace       used 8257K, capacity 8467K, committed 8576K, reserved 8576K
}
Event: 14.872 GC heap before
{Heap before GC invocations=16 (full 0):
 def new generation   total 4928K, used 4510K [0x03c00000, 0x04150000, 0x09150000)
  eden space 4416K, 100% used [0x03c00000, 0x04050000, 0x04050000)
  from space 512K,  18% used [0x04050000, 0x04067928, 0x040d0000)
  to   space 512K,   0% used [0x040d0000, 0x040d0000, 0x04150000)
 tenured generation   total 10944K, used 4167K [0x09150000, 0x09c00000, 0x13c00000)
   the space 10944K,  38% used [0x09150000, 0x09561dd0, 0x09561e00, 0x09c00000)
 Metaspace       used 8257K, capacity 8467K, committed 8576K, reserved 8576K
Event: 14.873 GC heap after
Heap after GC invocations=17 (full 0):
 def new generation   total 4928K, used 93K [0x03c00000, 0x04150000, 0x09150000)
  eden space 4416K,   0% used [0x03c00000, 0x03c00000, 0x04050000)
  from space 512K,  18% used [0x040d0000, 0x040e7470, 0x04150000)
  to   space 512K,   0% used [0x04050000, 0x04050000, 0x040d0000)
 tenured generation   total 10944K, used 4167K [0x09150000, 0x09c00000, 0x13c00000)
   the space 10944K,  38% used [0x09150000, 0x09561dd0, 0x09561e00, 0x09c00000)
 Metaspace       used 8257K, capacity 8467K, committed 8576K, reserved 8576K
}
Event: 16.790 GC heap before
{Heap before GC invocations=17 (full 0):
 def new generation   total 4928K, used 4509K [0x03c00000, 0x04150000, 0x09150000)
  eden space 4416K, 100% used [0x03c00000, 0x04050000, 0x04050000)
  from space 512K,  18% used [0x040d0000, 0x040e7470, 0x04150000)
  to   space 512K,   0% used [0x04050000, 0x04050000, 0x040d0000)
 tenured generation   total 10944K, used 4167K [0x09150000, 0x09c00000, 0x13c00000)
   the space 10944K,  38% used [0x09150000, 0x09561dd0, 0x09561e00, 0x09c00000)
 Metaspace       used 8257K, capacity 8467K, committed 8576K, reserved 8576K
Event: 16.791 GC heap after
Heap after GC invocations=18 (full 0):
 def new generation   total 4928K, used 47K [0x03c00000, 0x04150000, 0x09150000)
  eden space 4416K,   0% used [0x03c00000, 0x03c00000, 0x04050000)
  from space 512K,   9% used [0x04050000, 0x0405bf90, 0x040d0000)
  to   space 512K,   0% used [0x040d0000, 0x040d0000, 0x04150000)
 tenured generation   total 10944K, used 4212K [0x09150000, 0x09c00000, 0x13c00000)
   the space 10944K,  38% used [0x09150000, 0x0956d3d0, 0x0956d400, 0x09c00000)
 Metaspace       used 8257K, capacity 8467K, committed 8576K, reserved 8576K
}
Event: 17.278 GC heap before
{Heap before GC invocations=18 (full 0):
 def new generation   total 4928K, used 4463K [0x03c00000, 0x04150000, 0x09150000)
  eden space 4416K, 100% used [0x03c00000, 0x04050000, 0x04050000)
  from space 512K,   9% used [0x04050000, 0x0405bf90, 0x040d0000)
  to   space 512K,   0% used [0x040d0000, 0x040d0000, 0x04150000)
 tenured generation   total 10944K, used 4212K [0x09150000, 0x09c00000, 0x13c00000)
   the space 10944K,  38% used [0x09150000, 0x0956d3d0, 0x0956d400, 0x09c00000)
 Metaspace       used 8257K, capacity 8467K, committed 8576K, reserved 8576K
Event: 17.279 GC heap after
Heap after GC invocations=19 (full 0):
 def new generation   total 4928K, used 48K [0x03c00000, 0x04150000, 0x09150000)
  eden space 4416K,   0% used [0x03c00000, 0x03c00000, 0x04050000)
  from space 512K,   9% used [0x040d0000, 0x040dc0f8, 0x04150000)
  to   space 512K,   0% used [0x04050000, 0x04050000, 0x040d0000)
 tenured generation   total 10944K, used 4214K [0x09150000, 0x09c00000, 0x13c00000)
   the space 10944K,  38% used [0x09150000, 0x0956da10, 0x0956dc00, 0x09c00000)
 Metaspace       used 8257K, capacity 8467K, committed 8576K, reserved 8576K
}
Event: 17.989 GC heap before
{Heap before GC invocations=19 (full 0):
 def new generation   total 4928K, used 4464K [0x03c00000, 0x04150000, 0x09150000)
  eden space 4416K, 100% used [0x03c00000, 0x04050000, 0x04050000)
  from space 512K,   9% used [0x040d0000, 0x040dc0f8, 0x04150000)
  to   space 512K,   0% used [0x04050000, 0x04050000, 0x040d0000)
 tenured generation   total 10944K, used 4214K [0x09150000, 0x09c00000, 0x13c00000)
   the space 10944K,  38% used [0x09150000, 0x0956da10, 0x0956dc00, 0x09c00000)
 Metaspace       used 8257K, capacity 8467K, committed 8576K, reserved 8576K
Event: 17.990 GC heap after
Heap after GC invocations=20 (full 0):
 def new generation   total 4928K, used 47K [0x03c00000, 0x04150000, 0x09150000)
  eden space 4416K,   0% used [0x03c00000, 0x03c00000, 0x04050000)
  from space 512K,   9% used [0x04050000, 0x0405be10, 0x040d0000)
  to   space 512K,   0% used [0x040d0000, 0x040d0000, 0x04150000)
 tenured generation   total 10944K, used 4215K [0x09150000, 0x09c00000, 0x13c00000)
   the space 10944K,  38% used [0x09150000, 0x0956dcf8, 0x0956de00, 0x09c00000)
 Metaspace       used 8257K, capacity 8467K, committed 8576K, reserved 8576K
}

Deoptimization events (0 events):
No events

Internal exceptions (10 events):
Event: 0.320 Thread 0x0180bc00 Exception <a 'java/lang/ClassNotFoundException': ToolBar> (0x03ee85d8) thrown at [C:\re\workspace\8-2-build-windows-i586-cygwin\jdk8u45\3627\hotspot\src\share\vm\classfile\systemDictionary.cpp, line 210]
Event: 0.321 Thread 0x0180bc00 Exception <a 'java/lang/ClassNotFoundException': ToggleButton> (0x03ee8ad0) thrown at [C:\re\workspace\8-2-build-windows-i586-cygwin\jdk8u45\3627\hotspot\src\share\vm\classfile\systemDictionary.cpp, line 210]
Event: 0.321 Thread 0x0180bc00 Exception <a 'java/lang/ClassNotFoundException': javax/swing/JToolBarSeparator> (0x03ee8e88) thrown at [C:\re\workspace\8-2-build-windows-i586-cygwin\jdk8u45\3627\hotspot\src\share\vm\classfile\systemDictionary.cpp, line 210]
Event: 0.321 Thread 0x0180bc00 Exception <a 'java/lang/ClassNotFoundException': ToolBarSeparator> (0x03ee9290) thrown at [C:\re\workspace\8-2-build-windows-i586-cygwin\jdk8u45\3627\hotspot\src\share\vm\classfile\systemDictionary.cpp, line 210]
Event: 0.321 Thread 0x0180bc00 Exception <a 'java/lang/ClassNotFoundException': ToolTip> (0x03ee9900) thrown at [C:\re\workspace\8-2-build-windows-i586-cygwin\jdk8u45\3627\hotspot\src\share\vm\classfile\systemDictionary.cpp, line 210]
Event: 0.322 Thread 0x0180bc00 Exception <a 'java/lang/ClassNotFoundException': Tree> (0x03eea398) thrown at [C:\re\workspace\8-2-build-windows-i586-cygwin\jdk8u45\3627\hotspot\src\share\vm\classfile\systemDictionary.cpp, line 210]
Event: 0.322 Thread 0x0180bc00 Exception <a 'java/lang/ClassNotFoundException': Tree> (0x03eea9e8) thrown at [C:\re\workspace\8-2-build-windows-i586-cygwin\jdk8u45\3627\hotspot\src\share\vm\classfile\systemDictionary.cpp, line 210]
Event: 0.322 Thread 0x0180bc00 Exception <a 'java/lang/ClassNotFoundException': javax/swing/JTreeCell> (0x03eeacd0) thrown at [C:\re\workspace\8-2-build-windows-i586-cygwin\jdk8u45\3627\hotspot\src\share\vm\classfile\systemDictionary.cpp, line 210]
Event: 0.322 Thread 0x0180bc00 Exception <a 'java/lang/ClassNotFoundException': TreeCell> (0x03eeb0c8) thrown at [C:\re\workspace\8-2-build-windows-i586-cygwin\jdk8u45\3627\hotspot\src\share\vm\classfile\systemDictionary.cpp, line 210]
Event: 0.322 Thread 0x0180bc00 Exception <a 'java/lang/ClassNotFoundException': RootPane> (0x03eeb9f0) thrown at [C:\re\workspace\8-2-build-windows-i586-cygwin\jdk8u45\3627\hotspot\src\share\vm\classfile\systemDictionary.cpp, line 210]

Events (10 events):
Event: 14.289 Executing VM operation: GenCollectForAllocation
Event: 14.291 Executing VM operation: GenCollectForAllocation done
Event: 14.872 Executing VM operation: GenCollectForAllocation
Event: 14.873 Executing VM operation: GenCollectForAllocation done
Event: 16.790 Executing VM operation: GenCollectForAllocation
Event: 16.791 Executing VM operation: GenCollectForAllocation done
Event: 17.278 Executing VM operation: GenCollectForAllocation
Event: 17.279 Executing VM operation: GenCollectForAllocation done
Event: 17.989 Executing VM operation: GenCollectForAllocation
Event: 17.990 Executing VM operation: GenCollectForAllocation done


Dynamic libraries:
0x011e0000 - 0x01213000 	C:\Program Files\Java\jdk1.8.0_45\jre\bin\java.exe
0x779b0000 - 0x77aec000 	C:\Windows\SYSTEM32\ntdll.dll
0x75f90000 - 0x76064000 	C:\Windows\system32\kernel32.dll
0x75e00000 - 0x75e4a000 	C:\Windows\system32\KERNELBASE.dll
0x76c30000 - 0x76cd0000 	C:\Windows\system32\ADVAPI32.dll
0x76410000 - 0x764bc000 	C:\Windows\system32\msvcrt.dll
0x76690000 - 0x766a9000 	C:\Windows\SYSTEM32\sechost.dll
0x765e0000 - 0x76681000 	C:\Windows\system32\RPCRT4.dll
0x76220000 - 0x762e9000 	C:\Windows\system32\USER32.dll
0x77b90000 - 0x77bde000 	C:\Windows\system32\GDI32.dll
0x75f80000 - 0x75f8a000 	C:\Windows\system32\LPK.dll
0x76a30000 - 0x76acd000 	C:\Windows\system32\USP10.dll
0x74880000 - 0x74a1e000 	C:\Windows\WinSxS\x86_microsoft.windows.common-controls_6595b64144ccf1df_6.0.7601.17514_none_41e6975e2bd6f2b2\COMCTL32.dll
0x76870000 - 0x768c7000 	C:\Windows\system32\SHLWAPI.dll
0x75f60000 - 0x75f7f000 	C:\Windows\system32\IMM32.DLL
0x75e90000 - 0x75f5c000 	C:\Windows\system32\MSCTF.dll
0x63ef0000 - 0x63faf000 	C:\Program Files\Java\jdk1.8.0_45\jre\bin\msvcr100.dll
0x63400000 - 0x637c0000 	C:\Program Files\Java\jdk1.8.0_45\jre\bin\client\jvm.dll
0x75100000 - 0x75107000 	C:\Windows\system32\WSOCK32.dll
0x75e50000 - 0x75e85000 	C:\Windows\system32\WS2_32.dll
0x77af0000 - 0x77af6000 	C:\Windows\system32\NSI.dll
0x72840000 - 0x72872000 	C:\Windows\system32\WINMM.dll
0x75110000 - 0x75119000 	C:\Windows\system32\VERSION.dll
0x76070000 - 0x76075000 	C:\Windows\system32\PSAPI.DLL
0x64b80000 - 0x64b8c000 	C:\Program Files\Java\jdk1.8.0_45\jre\bin\verify.dll
0x63ec0000 - 0x63ee1000 	C:\Program Files\Java\jdk1.8.0_45\jre\bin\java.dll
0x63ea0000 - 0x63eb3000 	C:\Program Files\Java\jdk1.8.0_45\jre\bin\zip.dll
0x76cd0000 - 0x7791a000 	C:\Windows\system32\SHELL32.dll
0x76ad0000 - 0x76c2c000 	C:\Windows\system32\ole32.dll
0x75b50000 - 0x75b5b000 	C:\Windows\system32\profapi.dll
0x63d10000 - 0x63e55000 	C:\Program Files\Java\jdk1.8.0_45\jre\bin\awt.dll
0x77920000 - 0x779af000 	C:\Windows\system32\OLEAUT32.dll
0x74700000 - 0x74740000 	C:\Windows\system32\uxtheme.dll
0x74410000 - 0x74423000 	C:\Windows\system32\dwmapi.dll
0x75ad0000 - 0x75adc000 	C:\Windows\system32\CRYPTBASE.dll
0x64070000 - 0x640a9000 	C:\Program Files\Java\jdk1.8.0_45\jre\bin\fontmanager.dll
0x649a0000 - 0x64b63000 	C:\Windows\system32\d3d9.dll
0x72e40000 - 0x72e46000 	C:\Windows\system32\d3d8thk.dll
0x64230000 - 0x64993000 	C:\Windows\system32\nvd3dum.dll
0x74b60000 - 0x74b85000 	C:\Windows\system32\powrprof.dll
0x76080000 - 0x7621d000 	C:\Windows\system32\SETUPAPI.dll
0x75cb0000 - 0x75cd7000 	C:\Windows\system32\CFGMGR32.dll
0x75c00000 - 0x75c12000 	C:\Windows\system32\DEVOBJ.dll
0x63ff0000 - 0x64005000 	C:\Program Files\Java\jdk1.8.0_45\jre\bin\net.dll
0x755c0000 - 0x755fc000 	C:\Windows\system32\mswsock.dll
0x755b0000 - 0x755b6000 	C:\Windows\System32\wship6.dll
0x63e60000 - 0x63e6f000 	C:\Program Files\Java\jdk1.8.0_45\jre\bin\nio.dll
0x64040000 - 0x64070000 	C:\Program Files\Java\jdk1.8.0_45\jre\bin\t2k.dll
0x64bd0000 - 0x64bf4000 	C:\Program Files\Java\jdk1.8.0_45\jre\bin\dcpr.dll
0x71e30000 - 0x71f1b000 	C:\Windows\system32\dbghelp.dll

VM Arguments:
jvm_args: -Dfile.encoding=UTF-8 
java_command: codgio.VentanaDibujo
java_class_path (initial): C:\Program Files\NetBeans 8.0.2\java\modules\ext\AbsoluteLayout.jar;D:\Alejandro Dietta 1ºDAM\2EVALUACION\NetBeansProject\Paint2-master\build\classes
Launcher Type: SUN_STANDARD

Environment Variables:
PATH=C:\ProgramData\Oracle\Java\javapath;C:\Windows\system32;C:\Windows;C:\Windows\System32\Wbem;C:\Windows\System32\WindowsPowerShell\v1.0\;C:\Program Files\Microsoft SQL Server\110\Tools\Binn\;C:\Program Files\Microsoft\Web Platform Installer\;C:\Program Files\MySQL\MySQL Fabric 1.5 & MySQL Utilities 1.5\;C:\Program Files\MySQL\MySQL Fabric 1.5 & MySQL Utilities 1.5\Doctrine extensions for PHP\
USERNAME=Administrator
OS=Windows_NT
PROCESSOR_IDENTIFIER=x86 Family 6 Model 23 Stepping 6, GenuineIntel



---------------  S Y S T E M  ---------------

OS: Windows 7 Build 7601 (6.1.7601.17514)

CPU:total 2 (2 cores per cpu, 1 threads per core) family 6 model 23 stepping 6, cmov, cx8, fxsr, mmx, sse, sse2, sse3, ssse3, sse4.1, tsc

Memory: 4k page, physical 2096508k(700000k free), swap 4193016k(1673784k free)

vm_info: Java HotSpot(TM) Client VM (25.45-b02) for windows-x86 JRE (1.8.0_45-b15), built on Apr 30 2015 12:31:00 by "java_re" with MS VC++ 10.0 (VS2010)

time: Fri Feb 12 18:39:41 2016
elapsed time: 18 seconds (0d 0h 0m 18s)

