#
# A fatal error has been detected by the Java Runtime Environment:
#
#  EXCEPTION_ACCESS_VIOLATION (0xc0000005) at pc=0x63b1b252, pid=2972, tid=3220
#
# JRE version: Java(TM) SE Runtime Environment (8.0_45-b15) (build 1.8.0_45-b15)
# Java VM: Java HotSpot(TM) Client VM (25.45-b02 mixed mode windows-x86 )
# Problematic frame:
# C  [nvd3dum.dll+0x29b252]
#
# Failed to write core dump. Minidumps are not enabled by default on client versions of Windows
#
# If you would like to submit a bug report, please visit:
#   http://bugreport.java.com/bugreport/crash.jsp
# The crash happened outside the Java Virtual Machine in native code.
# See problematic frame for where to report the bug.
#

---------------  T H R E A D  ---------------

Current thread (0x14405400):  JavaThread "AWT-Windows" daemon [_thread_in_native, id=3220, stack(0x01950000,0x019a0000)]

siginfo: ExceptionCode=0xc0000005, writing address 0x00688004

Registers:
EAX=0x00688000, EBX=0x151c9380, ECX=0x00000000, EDX=0x0000017a
ESP=0x0199ea18, EBP=0x0199ea24, ESI=0x151c9390, EDI=0x00001001
EIP=0x63b1b252, EFLAGS=0x00010202

Top of Stack: (sp=0x0199ea18)
0x0199ea18:   15120800 00000004 15122f4c 0199ea44
0x0199ea28:   63ad11d8 151c9380 15120800 00000000
0x0199ea38:   170f0430 00000000 00000000 0199ea70
0x0199ea48:   63b093c1 151917c0 151c9700 00000000
0x0199ea58:   00000000 00000000 170f0430 17030040
0x0199ea68:   00000000 00000000 0199ea98 64257c49
0x0199ea78:   15120800 170f0430 00000040 00000000
0x0199ea88:   17030040 0000001f 00000000 0000016c 

Instructions: (pc=0x63b1b252)
0x63b1b232:   60 85 01 00 8d 04 b0 8b b3 f0 00 00 00 8b 46 1c
0x63b1b242:   57 8b 7e 28 8d 0c 7f 8d 04 c8 33 c9 47 89 7e 28
0x63b1b252:   89 48 04 89 48 08 89 48 0c 89 48 10 89 48 14 89
0x63b1b262:   08 8b 48 04 33 ca 81 e1 ff ff ff 00 31 48 04 8b 


Register to memory mapping:

EAX=0x00688000 is an unknown value
EBX=0x151c9380 is an unknown value
ECX=0x00000000 is an unknown value
EDX=0x0000017a is an unknown value
ESP=0x0199ea18 is pointing into the stack for thread: 0x14405400
EBP=0x0199ea24 is pointing into the stack for thread: 0x14405400
ESI=0x151c9390 is an unknown value
EDI=0x00001001 is an unknown value


Stack: [0x01950000,0x019a0000],  sp=0x0199ea18,  free space=314k
Native frames: (J=compiled Java code, j=interpreted, Vv=VM code, C=native code)
C  [nvd3dum.dll+0x29b252]
C  [nvd3dum.dll+0x2511d8]
C  [nvd3dum.dll+0x2893c1]
C  [d3d9.dll+0x117c49]
C  [d3d9.dll+0x11952a]
C  [d3d9.dll+0xb0f74]
C  [d3d9.dll+0x6aee7]
C  [d3d9.dll+0x362e2]
C  [d3d9.dll+0x36ad4]
C  [awt.dll+0x14b8f]

Java frames: (J=compiled Java code, j=interpreted, Vv=VM code)
j  sun.awt.windows.WToolkit.eventLoop()V+0
j  sun.awt.windows.WToolkit.run()V+58
j  java.lang.Thread.run()V+11
v  ~StubRoutines::call_stub

---------------  P R O C E S S  ---------------

Java Threads: ( => current thread )
  0x14da4c00 JavaThread "D3D Screen Updater" daemon [_thread_blocked, id=3264, stack(0x174a0000,0x174f0000)]
  0x14c18400 JavaThread "TimerQueue" daemon [_thread_blocked, id=3260, stack(0x17520000,0x17570000)]
  0x002bbc00 JavaThread "DestroyJavaVM" [_thread_blocked, id=2968, stack(0x01a00000,0x01a50000)]
  0x1445f400 JavaThread "AWT-EventQueue-0" [_thread_blocked, id=212, stack(0x150d0000,0x15120000)]
=>0x14405400 JavaThread "AWT-Windows" daemon [_thread_in_native, id=3220, stack(0x01950000,0x019a0000)]
  0x14404800 JavaThread "AWT-Shutdown" [_thread_blocked, id=3160, stack(0x149e0000,0x14a30000)]
  0x14402000 JavaThread "Java2D Disposer" daemon [_thread_in_native, id=3164, stack(0x14970000,0x149c0000)]
  0x142b1400 JavaThread "Service Thread" daemon [_thread_blocked, id=3212, stack(0x14570000,0x145c0000)]
  0x142afc00 JavaThread "C1 CompilerThread0" daemon [_thread_blocked, id=3176, stack(0x14730000,0x14780000)]
  0x142ad400 JavaThread "Attach Listener" daemon [_thread_blocked, id=3172, stack(0x14480000,0x144d0000)]
  0x142aac00 JavaThread "Signal Dispatcher" daemon [_thread_blocked, id=3136, stack(0x03d40000,0x03d90000)]
  0x14271c00 JavaThread "Finalizer" daemon [_thread_blocked, id=3092, stack(0x14510000,0x14560000)]
  0x1426f800 JavaThread "Reference Handler" daemon [_thread_blocked, id=3088, stack(0x019a0000,0x019f0000)]

Other Threads:
  0x1426d400 VMThread [stack: 0x03d90000,0x03de0000] [id=2980]
  0x142b8400 WatcherThread [stack: 0x14670000,0x146c0000] [id=3180]

VM state:not at safepoint (normal execution)

VM Mutex/Monitor currently owned by a thread: None

Heap:
 def new generation   total 4928K, used 238K [0x03e00000, 0x04350000, 0x09350000)
  eden space 4416K,   4% used [0x03e00000, 0x03e2df48, 0x04250000)
  from space 512K,  10% used [0x042d0000, 0x042ddc00, 0x04350000)
  to   space 512K,   0% used [0x04250000, 0x04250000, 0x042d0000)
 tenured generation   total 10944K, used 4173K [0x09350000, 0x09e00000, 0x13e00000)
   the space 10944K,  38% used [0x09350000, 0x097636d0, 0x09763800, 0x09e00000)
 Metaspace       used 8245K, capacity 8435K, committed 8576K, reserved 8576K

Card table byte_map: [0x00ab0000,0x00b40000] byte_map_base: 0x00a91000

Polling page: 0x00290000

CodeCache: size=32768Kb used=2113Kb max_used=2113Kb free=30654Kb
 bounds [0x01d20000, 0x01f38000, 0x03d20000]
 total_blobs=1394 nmethods=1154 adapters=171
 compilation: enabled

Compilation events (10 events):
Event: 12.109 Thread 0x142afc00 1155             java.awt.geom.Path2D$Float::needRoom (134 bytes)
Event: 12.110 Thread 0x142afc00 nmethod 1155 0x01f2df48 code [0x01f2e080, 0x01f2e424]
Event: 12.110 Thread 0x142afc00 1156             java.awt.Polygon$PolygonPathIterator::next (11 bytes)
Event: 12.110 Thread 0x142afc00 nmethod 1156 0x01f2e608 code [0x01f2e700, 0x01f2e780]
Event: 12.143 Thread 0x142afc00 1157             sun.java2d.d3d.D3DSurfaceData$D3DWindowSurfaceData::markClean (9 bytes)
Event: 12.143 Thread 0x142afc00 nmethod 1157 0x01f2e7c8 code [0x01f2e8d0, 0x01f2e97c]
Event: 12.143 Thread 0x142afc00 1158   !         sun.java2d.d3d.D3DSurfaceData::swapBuffers (149 bytes)
Event: 12.145 Thread 0x142afc00 nmethod 1158 0x01f2ea48 code [0x01f2ec40, 0x01f2f5bc]
Event: 12.146 Thread 0x142afc00 1159             sun.java2d.d3d.D3DRenderQueue::isRenderQueueThread (15 bytes)
Event: 12.146 Thread 0x142afc00 nmethod 1159 0x01f30588 code [0x01f30680, 0x01f30720]

GC Heap History (10 events):
Event: 10.090 GC heap before
{Heap before GC invocations=12 (full 0):
 def new generation   total 4928K, used 4463K [0x03e00000, 0x04350000, 0x09350000)
  eden space 4416K, 100% used [0x03e00000, 0x04250000, 0x04250000)
  from space 512K,   9% used [0x04250000, 0x0425bcd8, 0x042d0000)
  to   space 512K,   0% used [0x042d0000, 0x042d0000, 0x04350000)
 tenured generation   total 10944K, used 4173K [0x09350000, 0x09e00000, 0x13e00000)
   the space 10944K,  38% used [0x09350000, 0x097636d0, 0x09763800, 0x09e00000)
 Metaspace       used 8245K, capacity 8435K, committed 8576K, reserved 8576K
Event: 10.091 GC heap after
Heap after GC invocations=13 (full 0):
 def new generation   total 4928K, used 46K [0x03e00000, 0x04350000, 0x09350000)
  eden space 4416K,   0% used [0x03e00000, 0x03e00000, 0x04250000)
  from space 512K,   9% used [0x042d0000, 0x042db948, 0x04350000)
  to   space 512K,   0% used [0x04250000, 0x04250000, 0x042d0000)
 tenured generation   total 10944K, used 4173K [0x09350000, 0x09e00000, 0x13e00000)
   the space 10944K,  38% used [0x09350000, 0x097636d0, 0x09763800, 0x09e00000)
 Metaspace       used 8245K, capacity 8435K, committed 8576K, reserved 8576K
}
Event: 10.529 GC heap before
{Heap before GC invocations=13 (full 0):
 def new generation   total 4928K, used 4462K [0x03e00000, 0x04350000, 0x09350000)
  eden space 4416K, 100% used [0x03e00000, 0x04250000, 0x04250000)
  from space 512K,   9% used [0x042d0000, 0x042db948, 0x04350000)
  to   space 512K,   0% used [0x04250000, 0x04250000, 0x042d0000)
 tenured generation   total 10944K, used 4173K [0x09350000, 0x09e00000, 0x13e00000)
   the space 10944K,  38% used [0x09350000, 0x097636d0, 0x09763800, 0x09e00000)
 Metaspace       used 8245K, capacity 8435K, committed 8576K, reserved 8576K
Event: 10.530 GC heap after
Heap after GC invocations=14 (full 0):
 def new generation   total 4928K, used 55K [0x03e00000, 0x04350000, 0x09350000)
  eden space 4416K,   0% used [0x03e00000, 0x03e00000, 0x04250000)
  from space 512K,  10% used [0x04250000, 0x0425ded8, 0x042d0000)
  to   space 512K,   0% used [0x042d0000, 0x042d0000, 0x04350000)
 tenured generation   total 10944K, used 4173K [0x09350000, 0x09e00000, 0x13e00000)
   the space 10944K,  38% used [0x09350000, 0x097636d0, 0x09763800, 0x09e00000)
 Metaspace       used 8245K, capacity 8435K, committed 8576K, reserved 8576K
}
Event: 11.008 GC heap before
{Heap before GC invocations=14 (full 0):
 def new generation   total 4928K, used 4471K [0x03e00000, 0x04350000, 0x09350000)
  eden space 4416K, 100% used [0x03e00000, 0x04250000, 0x04250000)
  from space 512K,  10% used [0x04250000, 0x0425ded8, 0x042d0000)
  to   space 512K,   0% used [0x042d0000, 0x042d0000, 0x04350000)
 tenured generation   total 10944K, used 4173K [0x09350000, 0x09e00000, 0x13e00000)
   the space 10944K,  38% used [0x09350000, 0x097636d0, 0x09763800, 0x09e00000)
 Metaspace       used 8245K, capacity 8435K, committed 8576K, reserved 8576K
Event: 11.009 GC heap after
Heap after GC invocations=15 (full 0):
 def new generation   total 4928K, used 46K [0x03e00000, 0x04350000, 0x09350000)
  eden space 4416K,   0% used [0x03e00000, 0x03e00000, 0x04250000)
  from space 512K,   9% used [0x042d0000, 0x042dba48, 0x04350000)
  to   space 512K,   0% used [0x04250000, 0x04250000, 0x042d0000)
 tenured generation   total 10944K, used 4173K [0x09350000, 0x09e00000, 0x13e00000)
   the space 10944K,  38% used [0x09350000, 0x097636d0, 0x09763800, 0x09e00000)
 Metaspace       used 8245K, capacity 8435K, committed 8576K, reserved 8576K
}
Event: 11.821 GC heap before
{Heap before GC invocations=15 (full 0):
 def new generation   total 4928K, used 4462K [0x03e00000, 0x04350000, 0x09350000)
  eden space 4416K, 100% used [0x03e00000, 0x04250000, 0x04250000)
  from space 512K,   9% used [0x042d0000, 0x042dba48, 0x04350000)
  to   space 512K,   0% used [0x04250000, 0x04250000, 0x042d0000)
 tenured generation   total 10944K, used 4173K [0x09350000, 0x09e00000, 0x13e00000)
   the space 10944K,  38% used [0x09350000, 0x097636d0, 0x09763800, 0x09e00000)
 Metaspace       used 8245K, capacity 8435K, committed 8576K, reserved 8576K
Event: 11.823 GC heap after
Heap after GC invocations=16 (full 0):
 def new generation   total 4928K, used 46K [0x03e00000, 0x04350000, 0x09350000)
  eden space 4416K,   0% used [0x03e00000, 0x03e00000, 0x04250000)
  from space 512K,   9% used [0x04250000, 0x0425b938, 0x042d0000)
  to   space 512K,   0% used [0x042d0000, 0x042d0000, 0x04350000)
 tenured generation   total 10944K, used 4173K [0x09350000, 0x09e00000, 0x13e00000)
   the space 10944K,  38% used [0x09350000, 0x097636d0, 0x09763800, 0x09e00000)
 Metaspace       used 8245K, capacity 8435K, committed 8576K, reserved 8576K
}
Event: 12.304 GC heap before
{Heap before GC invocations=16 (full 0):
 def new generation   total 4928K, used 4462K [0x03e00000, 0x04350000, 0x09350000)
  eden space 4416K, 100% used [0x03e00000, 0x04250000, 0x04250000)
  from space 512K,   9% used [0x04250000, 0x0425b938, 0x042d0000)
  to   space 512K,   0% used [0x042d0000, 0x042d0000, 0x04350000)
 tenured generation   total 10944K, used 4173K [0x09350000, 0x09e00000, 0x13e00000)
   the space 10944K,  38% used [0x09350000, 0x097636d0, 0x09763800, 0x09e00000)
 Metaspace       used 8245K, capacity 8435K, committed 8576K, reserved 8576K
Event: 12.306 GC heap after
Heap after GC invocations=17 (full 0):
 def new generation   total 4928K, used 55K [0x03e00000, 0x04350000, 0x09350000)
  eden space 4416K,   0% used [0x03e00000, 0x03e00000, 0x04250000)
  from space 512K,  10% used [0x042d0000, 0x042ddc00, 0x04350000)
  to   space 512K,   0% used [0x04250000, 0x04250000, 0x042d0000)
 tenured generation   total 10944K, used 4173K [0x09350000, 0x09e00000, 0x13e00000)
   the space 10944K,  38% used [0x09350000, 0x097636d0, 0x09763800, 0x09e00000)
 Metaspace       used 8245K, capacity 8435K, committed 8576K, reserved 8576K
}

Deoptimization events (0 events):
No events

Internal exceptions (10 events):
Event: 0.345 Thread 0x002bbc00 Exception <a 'java/lang/ClassNotFoundException': ToolBar> (0x040d2390) thrown at [C:\re\workspace\8-2-build-windows-i586-cygwin\jdk8u45\3627\hotspot\src\share\vm\classfile\systemDictionary.cpp, line 210]
Event: 0.345 Thread 0x002bbc00 Exception <a 'java/lang/ClassNotFoundException': ToggleButton> (0x040d2888) thrown at [C:\re\workspace\8-2-build-windows-i586-cygwin\jdk8u45\3627\hotspot\src\share\vm\classfile\systemDictionary.cpp, line 210]
Event: 0.345 Thread 0x002bbc00 Exception <a 'java/lang/ClassNotFoundException': javax/swing/JToolBarSeparator> (0x040d2c40) thrown at [C:\re\workspace\8-2-build-windows-i586-cygwin\jdk8u45\3627\hotspot\src\share\vm\classfile\systemDictionary.cpp, line 210]
Event: 0.346 Thread 0x002bbc00 Exception <a 'java/lang/ClassNotFoundException': ToolBarSeparator> (0x040d3048) thrown at [C:\re\workspace\8-2-build-windows-i586-cygwin\jdk8u45\3627\hotspot\src\share\vm\classfile\systemDictionary.cpp, line 210]
Event: 0.346 Thread 0x002bbc00 Exception <a 'java/lang/ClassNotFoundException': ToolTip> (0x040d36b8) thrown at [C:\re\workspace\8-2-build-windows-i586-cygwin\jdk8u45\3627\hotspot\src\share\vm\classfile\systemDictionary.cpp, line 210]
Event: 0.347 Thread 0x002bbc00 Exception <a 'java/lang/ClassNotFoundException': Tree> (0x040d4150) thrown at [C:\re\workspace\8-2-build-windows-i586-cygwin\jdk8u45\3627\hotspot\src\share\vm\classfile\systemDictionary.cpp, line 210]
Event: 0.347 Thread 0x002bbc00 Exception <a 'java/lang/ClassNotFoundException': Tree> (0x040d47a0) thrown at [C:\re\workspace\8-2-build-windows-i586-cygwin\jdk8u45\3627\hotspot\src\share\vm\classfile\systemDictionary.cpp, line 210]
Event: 0.347 Thread 0x002bbc00 Exception <a 'java/lang/ClassNotFoundException': javax/swing/JTreeCell> (0x040d4a88) thrown at [C:\re\workspace\8-2-build-windows-i586-cygwin\jdk8u45\3627\hotspot\src\share\vm\classfile\systemDictionary.cpp, line 210]
Event: 0.347 Thread 0x002bbc00 Exception <a 'java/lang/ClassNotFoundException': TreeCell> (0x040d4e80) thrown at [C:\re\workspace\8-2-build-windows-i586-cygwin\jdk8u45\3627\hotspot\src\share\vm\classfile\systemDictionary.cpp, line 210]
Event: 0.347 Thread 0x002bbc00 Exception <a 'java/lang/ClassNotFoundException': RootPane> (0x040d57a8) thrown at [C:\re\workspace\8-2-build-windows-i586-cygwin\jdk8u45\3627\hotspot\src\share\vm\classfile\systemDictionary.cpp, line 210]

Events (10 events):
Event: 10.090 Executing VM operation: GenCollectForAllocation
Event: 10.091 Executing VM operation: GenCollectForAllocation done
Event: 10.528 Executing VM operation: GenCollectForAllocation
Event: 10.530 Executing VM operation: GenCollectForAllocation done
Event: 11.008 Executing VM operation: GenCollectForAllocation
Event: 11.009 Executing VM operation: GenCollectForAllocation done
Event: 11.821 Executing VM operation: GenCollectForAllocation
Event: 11.823 Executing VM operation: GenCollectForAllocation done
Event: 12.304 Executing VM operation: GenCollectForAllocation
Event: 12.306 Executing VM operation: GenCollectForAllocation done


Dynamic libraries:
0x00c00000 - 0x00c33000 	C:\Program Files\Java\jdk1.8.0_45\jre\bin\java.exe
0x77240000 - 0x7737c000 	C:\Windows\SYSTEM32\ntdll.dll
0x76b20000 - 0x76bf4000 	C:\Windows\system32\kernel32.dll
0x75490000 - 0x754da000 	C:\Windows\system32\KERNELBASE.dll
0x75790000 - 0x75830000 	C:\Windows\system32\ADVAPI32.dll
0x75a10000 - 0x75abc000 	C:\Windows\system32\msvcrt.dll
0x75830000 - 0x75849000 	C:\Windows\SYSTEM32\sechost.dll
0x75dc0000 - 0x75e61000 	C:\Windows\system32\RPCRT4.dll
0x75ac0000 - 0x75b89000 	C:\Windows\system32\USER32.dll
0x76f60000 - 0x76fae000 	C:\Windows\system32\GDI32.dll
0x75850000 - 0x7585a000 	C:\Windows\system32\LPK.dll
0x76e90000 - 0x76f2d000 	C:\Windows\system32\USP10.dll
0x74230000 - 0x743ce000 	C:\Windows\WinSxS\x86_microsoft.windows.common-controls_6595b64144ccf1df_6.0.7601.17514_none_41e6975e2bd6f2b2\COMCTL32.dll
0x76fb0000 - 0x77007000 	C:\Windows\system32\SHLWAPI.dll
0x756e0000 - 0x756ff000 	C:\Windows\system32\IMM32.DLL
0x75cf0000 - 0x75dbc000 	C:\Windows\system32\MSCTF.dll
0x649d0000 - 0x64a8f000 	C:\Program Files\Java\jdk1.8.0_45\jre\bin\msvcr100.dll
0x64310000 - 0x646d0000 	C:\Program Files\Java\jdk1.8.0_45\jre\bin\client\jvm.dll
0x74990000 - 0x74997000 	C:\Windows\system32\WSOCK32.dll
0x76dc0000 - 0x76df5000 	C:\Windows\system32\WS2_32.dll
0x75a00000 - 0x75a06000 	C:\Windows\system32\NSI.dll
0x73c20000 - 0x73c52000 	C:\Windows\system32\WINMM.dll
0x749a0000 - 0x749a9000 	C:\Windows\system32\VERSION.dll
0x77410000 - 0x77415000 	C:\Windows\system32\PSAPI.DLL
0x6d2a0000 - 0x6d2ac000 	C:\Program Files\Java\jdk1.8.0_45\jre\bin\verify.dll
0x64960000 - 0x64981000 	C:\Program Files\Java\jdk1.8.0_45\jre\bin\java.dll
0x64e60000 - 0x64e73000 	C:\Program Files\Java\jdk1.8.0_45\jre\bin\zip.dll
0x75e70000 - 0x76aba000 	C:\Windows\system32\SHELL32.dll
0x75b90000 - 0x75cec000 	C:\Windows\system32\ole32.dll
0x753e0000 - 0x753eb000 	C:\Windows\system32\profapi.dll
0x63ff0000 - 0x64135000 	C:\Program Files\Java\jdk1.8.0_45\jre\bin\awt.dll
0x75700000 - 0x7578f000 	C:\Windows\system32\OLEAUT32.dll
0x74080000 - 0x740c0000 	C:\Windows\system32\uxtheme.dll
0x73ca0000 - 0x73cb3000 	C:\Windows\system32\dwmapi.dll
0x75360000 - 0x7536c000 	C:\Windows\system32\CRYPTBASE.dll
0x64740000 - 0x64779000 	C:\Program Files\Java\jdk1.8.0_45\jre\bin\fontmanager.dll
0x64140000 - 0x64303000 	C:\Windows\system32\d3d9.dll
0x64ea0000 - 0x64ea6000 	C:\Windows\system32\d3d8thk.dll
0x63880000 - 0x63fe3000 	C:\Windows\system32\nvd3dum.dll
0x73e40000 - 0x73e65000 	C:\Windows\system32\powrprof.dll
0x75860000 - 0x759fd000 	C:\Windows\system32\SETUPAPI.dll
0x75460000 - 0x75487000 	C:\Windows\system32\CFGMGR32.dll
0x754e0000 - 0x754f2000 	C:\Windows\system32\DEVOBJ.dll
0x647a0000 - 0x647b5000 	C:\Program Files\Java\jdk1.8.0_45\jre\bin\net.dll
0x74e50000 - 0x74e8c000 	C:\Windows\system32\mswsock.dll
0x74e40000 - 0x74e46000 	C:\Windows\System32\wship6.dll
0x720b0000 - 0x720bf000 	C:\Program Files\Java\jdk1.8.0_45\jre\bin\nio.dll
0x64710000 - 0x64740000 	C:\Program Files\Java\jdk1.8.0_45\jre\bin\t2k.dll
0x646d0000 - 0x646f4000 	C:\Program Files\Java\jdk1.8.0_45\jre\bin\dcpr.dll
0x714e0000 - 0x715cb000 	C:\Windows\system32\dbghelp.dll

VM Arguments:
jvm_args: -Dfile.encoding=UTF-8 
java_command: codgio.VentanaDibujo
java_class_path (initial): C:\Program Files\NetBeans 8.0.2\java\modules\ext\AbsoluteLayout.jar;D:\Alejandro Dietta 1ºDAM\2EVALUACION\NetBeansProject\Paint2-master\build\classes
Launcher Type: SUN_STANDARD

Environment Variables:
PATH=C:\ProgramData\Oracle\Java\javapath;C:\Windows\system32;C:\Windows;C:\Windows\System32\Wbem;C:\Windows\System32\WindowsPowerShell\v1.0\;C:\Program Files\Microsoft SQL Server\110\Tools\Binn\;C:\Program Files\Microsoft\Web Platform Installer\;C:\Program Files\MySQL\MySQL Fabric 1.5 & MySQL Utilities 1.5\;C:\Program Files\MySQL\MySQL Fabric 1.5 & MySQL Utilities 1.5\Doctrine extensions for PHP\
USERNAME=Administrator
OS=Windows_NT
PROCESSOR_IDENTIFIER=x86 Family 6 Model 23 Stepping 6, GenuineIntel



---------------  S Y S T E M  ---------------

OS: Windows 7 Build 7601 (6.1.7601.17514)

CPU:total 2 (2 cores per cpu, 1 threads per core) family 6 model 23 stepping 6, cmov, cx8, fxsr, mmx, sse, sse2, sse3, ssse3, sse4.1, tsc

Memory: 4k page, physical 2096508k(555616k free), swap 4193016k(2485072k free)

vm_info: Java HotSpot(TM) Client VM (25.45-b02) for windows-x86 JRE (1.8.0_45-b15), built on Apr 30 2015 12:31:00 by "java_re" with MS VC++ 10.0 (VS2010)

time: Tue Feb 16 14:50:17 2016
elapsed time: 12 seconds (0d 0h 0m 12s)

